[INFO] Scanning for projects...
[WARNING] The project net.sumaris:sumaris-pod:pom:1.32.1-SNAPSHOT uses prerequisites which is only intended for maven-plugin projects but not for non maven-plugin projects. For such purposes you should use the maven-enforcer-plugin. See https://maven.apache.org/enforcer/enforcer-rules/requireMavenVersion.html
[INFO] ------------------------------------------------------------------------
[INFO] Reactor Build Order:
[INFO] 
[INFO] SUMARiS                                                            [pom]
[INFO] SUMARiS:: Core shared                                              [jar]
[INFO] SUMARiS:: Test shared                                              [jar]
[INFO] SUMARiS:: Core                                                     [jar]
[INFO] SUMARiS:: Importation                                              [jar]
[INFO] SUMARiS:: Extraction                                               [jar]
[INFO] SUMARiS:: RDF features                                             [jar]
[INFO] SUMARiS:: Server                                                   [war]
[INFO] 
[INFO] ----------------------< net.sumaris:sumaris-pod >-----------------------
[INFO] Building SUMARiS 1.32.1-SNAPSHOT                                   [1/8]
[INFO] --------------------------------[ pom ]---------------------------------
[INFO] 
[INFO] --- maven-dependency-plugin:2.8:tree (default-cli) @ sumaris-pod ---
[INFO] net.sumaris:sumaris-pod:pom:1.32.1-SNAPSHOT
[INFO] 
[INFO] ------------------< net.sumaris:sumaris-core-shared >-------------------
[INFO] Building SUMARiS:: Core shared 1.32.1-SNAPSHOT                     [2/8]
[INFO] --------------------------------[ jar ]---------------------------------
[INFO] 
[INFO] --- maven-dependency-plugin:2.8:tree (default-cli) @ sumaris-core-shared ---
[INFO] net.sumaris:sumaris-core-shared:jar:1.32.1-SNAPSHOT
[INFO] +- org.springframework.boot:spring-boot-autoconfigure:jar:2.7.4:provided
[INFO] |  \- org.springframework.boot:spring-boot:jar:2.7.4:provided
[INFO] +- io.leangen.graphql:spqr:jar:0.12.0:compile
[INFO] |  +- net.dongliu:gson-java8-datatype:jar:1.1.0:compile
[INFO] |  +- com.fasterxml.jackson.module:jackson-module-parameter-names:jar:2.14.1:compile
[INFO] |  +- com.fasterxml.jackson.datatype:jackson-datatype-jdk8:jar:2.14.1:compile
[INFO] |  +- com.fasterxml.jackson.datatype:jackson-datatype-jsr310:jar:2.14.1:compile
[INFO] |  +- io.leangen.geantyref:geantyref:jar:1.3.13:compile
[INFO] |  +- com.graphql-java:graphql-java:jar:19.3:compile
[INFO] |  |  \- com.graphql-java:java-dataloader:jar:3.2.0:compile
[INFO] |  +- com.graphql-java:graphql-java-extended-scalars:jar:19.1:compile
[INFO] |  \- io.github.classgraph:classgraph:jar:4.8.151:compile
[INFO] +- com.fasterxml.jackson.core:jackson-databind:jar:2.14.1:compile
[INFO] |  +- com.fasterxml.jackson.core:jackson-annotations:jar:2.14.1:compile
[INFO] |  \- com.fasterxml.jackson.core:jackson-core:jar:2.14.1:compile
[INFO] +- com.fasterxml.jackson.dataformat:jackson-dataformat-xml:jar:2.14.1:compile
[INFO] |  +- org.codehaus.woodstox:stax2-api:jar:4.2.1:compile
[INFO] |  \- com.fasterxml.woodstox:woodstox-core:jar:6.4.0:compile
[INFO] +- org.hibernate:hibernate-core:jar:5.5.9.Final:compile
[INFO] |  +- org.jboss.logging:jboss-logging:jar:3.4.2.Final:compile
[INFO] |  +- javax.persistence:javax.persistence-api:jar:2.2:compile
[INFO] |  +- org.javassist:javassist:jar:3.29.2-GA:runtime
[INFO] |  +- net.bytebuddy:byte-buddy:jar:1.11.12:compile
[INFO] |  +- antlr:antlr:jar:2.7.7:compile
[INFO] |  +- org.jboss.spec.javax.transaction:jboss-transaction-api_1.2_spec:jar:1.1.1.Final:compile
[INFO] |  +- org.jboss:jandex:jar:2.2.3.Final:compile
[INFO] |  +- com.fasterxml:classmate:jar:1.5.1:compile
[INFO] |  +- javax.activation:javax.activation-api:jar:1.2.0:compile
[INFO] |  +- org.hibernate.common:hibernate-commons-annotations:jar:5.1.2.Final:compile
[INFO] |  +- javax.xml.bind:jaxb-api:jar:2.3.1:compile
[INFO] |  \- org.glassfish.jaxb:jaxb-runtime:jar:2.3.1:compile
[INFO] |     +- org.glassfish.jaxb:txw2:jar:2.3.1:compile
[INFO] |     +- com.sun.istack:istack-commons-runtime:jar:3.0.7:compile
[INFO] |     +- org.jvnet.staxex:stax-ex:jar:1.8:compile
[INFO] |     \- com.sun.xml.fastinfoset:FastInfoset:jar:1.2.15:compile
[INFO] +- org.hibernate:hibernate-spatial:jar:5.5.9.Final:compile
[INFO] |  +- org.geolatte:geolatte-geom:jar:1.8.2:compile
[INFO] |  |  \- org.locationtech.jts:jts-core:jar:1.18.2:compile (version selected from constraint [1.18.0,1.19.0))
[INFO] |  \- org.postgresql:postgresql:jar:42.2.5:compile
[INFO] +- org.springframework:spring-core:jar:5.3.24:compile
[INFO] |  \- org.springframework:spring-jcl:jar:5.3.24:compile
[INFO] +- org.springframework:spring-beans:jar:5.3.24:compile
[INFO] +- org.springframework:spring-context:jar:5.3.24:compile
[INFO] |  +- org.springframework:spring-aop:jar:5.3.24:compile
[INFO] |  \- org.springframework:spring-expression:jar:5.3.24:compile
[INFO] +- org.springframework:spring-context-support:jar:5.3.24:compile
[INFO] +- org.springframework:spring-tx:jar:5.3.24:compile
[INFO] +- org.springframework:spring-jdbc:jar:5.3.24:compile
[INFO] +- org.springframework:spring-orm:jar:5.3.24:compile
[INFO] +- org.springframework.data:spring-data-commons:jar:2.7.6:compile
[INFO] +- org.springframework.data:spring-data-jpa:jar:2.7.6:compile
[INFO] +- org.aspectj:aspectjweaver:jar:1.9.9.1:runtime
[INFO] +- javax.annotation:javax.annotation-api:jar:1.3.2:compile
[INFO] +- com.querydsl:querydsl-jpa:jar:5.0.0:compile
[INFO] |  \- com.querydsl:querydsl-core:jar:5.0.0:compile
[INFO] |     \- com.mysema.commons:mysema-commons-lang:jar:0.2.4:compile
[INFO] +- org.springframework:spring-web:jar:5.3.24:provided
[INFO] +- javax.servlet:javax.servlet-api:jar:4.0.1:provided
[INFO] +- org.ehcache:ehcache:jar:3.8.1:compile
[INFO] +- javax.cache:cache-api:jar:1.1.1:compile
[INFO] +- org.reflections:reflections:jar:0.9.12:compile
[INFO] +- org.dom4j:dom4j:jar:2.1.3:compile
[INFO] +- org.abstractj.kalium:kalium:jar:0.8.2:compile
[INFO] +- com.lambdaworks:scrypt:jar:1.4.0:compile
[INFO] +- com.github.jnr:jnr-ffi:jar:2.2.2:compile
[INFO] |  +- com.github.jnr:jffi:jar:1.3.1:compile
[INFO] |  +- com.github.jnr:jffi:jar:native:1.3.1:runtime
[INFO] |  +- org.ow2.asm:asm:jar:9.1:compile
[INFO] |  +- org.ow2.asm:asm-commons:jar:9.1:compile
[INFO] |  +- org.ow2.asm:asm-analysis:jar:9.1:compile
[INFO] |  +- org.ow2.asm:asm-tree:jar:9.1:compile
[INFO] |  +- org.ow2.asm:asm-util:jar:9.1:compile
[INFO] |  +- com.github.jnr:jnr-a64asm:jar:1.0.0:compile
[INFO] |  \- com.github.jnr:jnr-x86asm:jar:1.0.2:compile
[INFO] +- io.reactivex.rxjava3:rxjava:jar:3.1.5:compile
[INFO] |  \- org.reactivestreams:reactive-streams:jar:1.0.4:compile
[INFO] +- org.nuiton:nuiton-config:jar:3.5:compile
[INFO] |  +- org.nuiton:nuiton-converter:jar:1.0:compile
[INFO] |  +- org.nuiton:nuiton-version:jar:1.0-rc-2:compile
[INFO] |  +- org.apache.commons:commons-lang3:jar:3.4:compile
[INFO] |  +- commons-logging:commons-logging:jar:1.2:compile
[INFO] |  +- org.apache.commons:commons-collections4:jar:4.2:compile
[INFO] |  +- commons-io:commons-io:jar:2.6:compile
[INFO] |  \- commons-beanutils:commons-beanutils:jar:1.9.4:compile
[INFO] |     \- commons-collections:commons-collections:jar:3.2.2:compile
[INFO] +- org.nuiton.i18n:nuiton-i18n:jar:4.0:compile
[INFO] +- org.nuiton:nuiton-utils:jar:3.0:compile
[INFO] |  +- commons-primitives:commons-primitives:jar:1.0:compile
[INFO] |  \- com.google.guava:guava:jar:30.1.1-jre:compile
[INFO] |     +- com.google.guava:failureaccess:jar:1.0.1:compile
[INFO] |     +- com.google.guava:listenablefuture:jar:9999.0-empty-to-avoid-conflict-with-guava:compile
[INFO] |     +- com.google.code.findbugs:jsr305:jar:3.0.2:compile
[INFO] |     +- org.checkerframework:checker-qual:jar:3.8.0:compile
[INFO] |     +- com.google.errorprone:error_prone_annotations:jar:2.5.1:compile
[INFO] |     \- com.google.j2objc:j2objc-annotations:jar:1.3:compile
[INFO] +- org.liquibase:liquibase-core:jar:4.12.0:compile
[INFO] |  +- org.yaml:snakeyaml:jar:1.27:compile
[INFO] |  \- com.opencsv:opencsv:jar:5.6:compile
[INFO] |     \- org.apache.commons:commons-text:jar:1.9:compile
[INFO] +- org.liquibase.ext:liquibase-hibernate5:jar:4.12.0:compile
[INFO] +- com.mattbertolini:liquibase-slf4j:jar:4.0.0:compile
[INFO] +- org.springframework:spring-jms:jar:5.3.24:provided
[INFO] |  \- org.springframework:spring-messaging:jar:5.3.24:provided
[INFO] +- org.apache.activemq:activemq-broker:jar:5.16.2:compile
[INFO] |  +- org.apache.activemq:activemq-client:jar:5.16.2:compile
[INFO] |  |  +- org.fusesource.hawtbuf:hawtbuf:jar:1.11:compile
[INFO] |  |  \- org.apache.geronimo.specs:geronimo-j2ee-management_1.1_spec:jar:1.0.1:compile
[INFO] |  \- org.apache.activemq:activemq-openwire-legacy:jar:5.16.2:compile
[INFO] +- jakarta.jms:jakarta.jms-api:jar:2.0.3:compile
[INFO] +- org.projectlombok:lombok:jar:1.18.22:compile
[INFO] +- org.slf4j:slf4j-api:jar:1.7.32:compile
[INFO] +- org.slf4j:jcl-over-slf4j:jar:1.7.32:compile
[INFO] +- org.fusesource.jansi:jansi:jar:2.3.4:compile
[INFO] +- junit:junit:jar:4.13.1:compile
[INFO] |  \- org.hamcrest:hamcrest-core:jar:1.3:compile
[INFO] +- ch.qos.logback:logback-classic:jar:1.2.5:test
[INFO] |  \- ch.qos.logback:logback-core:jar:1.2.5:test
[INFO] \- org.springframework.boot:spring-boot-starter-test:jar:2.7.4:test
[INFO]    +- org.springframework.boot:spring-boot-starter:jar:2.7.4:test
[INFO]    |  +- org.springframework.boot:spring-boot-starter-logging:jar:2.7.4:test
[INFO]    |  |  +- org.apache.logging.log4j:log4j-to-slf4j:jar:2.15.0:test
[INFO]    |  |  |  \- org.apache.logging.log4j:log4j-api:jar:2.15.0:test
[INFO]    |  |  \- org.slf4j:jul-to-slf4j:jar:1.7.36:test
[INFO]    |  \- jakarta.annotation:jakarta.annotation-api:jar:1.3.5:test
[INFO]    +- org.springframework.boot:spring-boot-test:jar:2.7.4:test
[INFO]    +- org.springframework.boot:spring-boot-test-autoconfigure:jar:2.7.4:test
[INFO]    +- com.jayway.jsonpath:json-path:jar:2.7.0:test
[INFO]    |  \- net.minidev:json-smart:jar:2.4.7:test
[INFO]    |     \- net.minidev:accessors-smart:jar:2.4.7:test
[INFO]    +- jakarta.xml.bind:jakarta.xml.bind-api:jar:2.3.3:test
[INFO]    |  \- jakarta.activation:jakarta.activation-api:jar:1.2.2:test
[INFO]    +- org.assertj:assertj-core:jar:3.22.0:test
[INFO]    +- org.hamcrest:hamcrest:jar:2.2:test
[INFO]    +- org.mockito:mockito-core:jar:4.5.1:test
[INFO]    |  +- net.bytebuddy:byte-buddy-agent:jar:1.12.9:test
[INFO]    |  \- org.objenesis:objenesis:jar:3.2:test
[INFO]    +- org.skyscreamer:jsonassert:jar:1.5.1:test
[INFO]    |  \- com.vaadin.external.google:android-json:jar:0.0.20131108.vaadin1:test
[INFO]    +- org.springframework:spring-test:jar:5.3.24:test
[INFO]    \- org.xmlunit:xmlunit-core:jar:2.9.0:test
[INFO] 
[INFO] ------------------< net.sumaris:sumaris-test-shared >-------------------
[INFO] Building SUMARiS:: Test shared 1.32.1-SNAPSHOT                     [3/8]
[INFO] --------------------------------[ jar ]---------------------------------
[INFO] 
[INFO] --- maven-dependency-plugin:2.8:tree (default-cli) @ sumaris-test-shared ---
[INFO] net.sumaris:sumaris-test-shared:jar:1.32.1-SNAPSHOT
[INFO] +- net.sumaris:sumaris-core-shared:jar:1.32.1-SNAPSHOT:compile
[INFO] |  +- io.leangen.graphql:spqr:jar:0.12.0:compile
[INFO] |  |  +- net.dongliu:gson-java8-datatype:jar:1.1.0:compile
[INFO] |  |  +- com.fasterxml.jackson.module:jackson-module-parameter-names:jar:2.14.1:compile
[INFO] |  |  +- com.fasterxml.jackson.datatype:jackson-datatype-jdk8:jar:2.14.1:compile
[INFO] |  |  +- com.fasterxml.jackson.datatype:jackson-datatype-jsr310:jar:2.14.1:compile
[INFO] |  |  +- io.leangen.geantyref:geantyref:jar:1.3.13:compile
[INFO] |  |  +- com.graphql-java:graphql-java:jar:19.3:compile
[INFO] |  |  |  \- com.graphql-java:java-dataloader:jar:3.2.0:compile
[INFO] |  |  +- com.graphql-java:graphql-java-extended-scalars:jar:19.1:compile
[INFO] |  |  \- io.github.classgraph:classgraph:jar:4.8.151:compile
[INFO] |  +- com.fasterxml.jackson.core:jackson-databind:jar:2.14.1:compile
[INFO] |  |  +- com.fasterxml.jackson.core:jackson-annotations:jar:2.14.1:compile
[INFO] |  |  \- com.fasterxml.jackson.core:jackson-core:jar:2.14.1:compile
[INFO] |  +- com.fasterxml.jackson.dataformat:jackson-dataformat-xml:jar:2.14.1:compile
[INFO] |  |  +- org.codehaus.woodstox:stax2-api:jar:4.2.1:compile
[INFO] |  |  \- com.fasterxml.woodstox:woodstox-core:jar:6.4.0:compile
[INFO] |  +- org.hibernate:hibernate-spatial:jar:5.5.9.Final:compile
[INFO] |  |  +- org.geolatte:geolatte-geom:jar:1.8.2:compile
[INFO] |  |  |  \- org.locationtech.jts:jts-core:jar:1.18.2:compile (version selected from constraint [1.18.0,1.19.0))
[INFO] |  |  \- org.postgresql:postgresql:jar:42.2.5:compile
[INFO] |  +- org.springframework:spring-beans:jar:5.3.24:compile
[INFO] |  +- org.springframework:spring-context-support:jar:5.3.24:compile
[INFO] |  +- org.springframework:spring-tx:jar:5.3.24:compile
[INFO] |  +- org.springframework:spring-jdbc:jar:5.3.24:compile
[INFO] |  +- org.springframework.data:spring-data-commons:jar:2.7.6:compile
[INFO] |  +- org.springframework.data:spring-data-jpa:jar:2.7.6:compile
[INFO] |  +- org.aspectj:aspectjweaver:jar:1.9.9.1:runtime
[INFO] |  +- javax.annotation:javax.annotation-api:jar:1.3.2:compile
[INFO] |  +- com.querydsl:querydsl-jpa:jar:5.0.0:compile
[INFO] |  |  \- com.querydsl:querydsl-core:jar:5.0.0:compile
[INFO] |  |     \- com.mysema.commons:mysema-commons-lang:jar:0.2.4:compile
[INFO] |  +- org.ehcache:ehcache:jar:3.8.1:compile
[INFO] |  +- javax.cache:cache-api:jar:1.1.1:compile
[INFO] |  +- org.dom4j:dom4j:jar:2.1.3:compile
[INFO] |  +- org.abstractj.kalium:kalium:jar:0.8.2:compile
[INFO] |  +- com.lambdaworks:scrypt:jar:1.4.0:compile
[INFO] |  +- com.github.jnr:jnr-ffi:jar:2.2.2:compile
[INFO] |  |  +- com.github.jnr:jffi:jar:1.3.1:compile
[INFO] |  |  +- com.github.jnr:jffi:jar:native:1.3.1:runtime
[INFO] |  |  +- org.ow2.asm:asm-commons:jar:9.1:compile
[INFO] |  |  +- org.ow2.asm:asm-analysis:jar:9.1:compile
[INFO] |  |  +- org.ow2.asm:asm-tree:jar:9.1:compile
[INFO] |  |  +- org.ow2.asm:asm-util:jar:9.1:compile
[INFO] |  |  +- com.github.jnr:jnr-a64asm:jar:1.0.0:compile
[INFO] |  |  \- com.github.jnr:jnr-x86asm:jar:1.0.2:compile
[INFO] |  +- io.reactivex.rxjava3:rxjava:jar:3.1.5:compile
[INFO] |  |  \- org.reactivestreams:reactive-streams:jar:1.0.4:compile
[INFO] |  +- org.liquibase:liquibase-core:jar:4.12.0:compile
[INFO] |  |  +- org.yaml:snakeyaml:jar:1.27:compile
[INFO] |  |  \- com.opencsv:opencsv:jar:5.6:compile
[INFO] |  |     \- org.apache.commons:commons-text:jar:1.9:compile
[INFO] |  +- org.liquibase.ext:liquibase-hibernate5:jar:4.12.0:compile
[INFO] |  +- com.mattbertolini:liquibase-slf4j:jar:4.0.0:compile
[INFO] |  +- org.apache.activemq:activemq-broker:jar:5.16.2:compile
[INFO] |  |  +- org.apache.activemq:activemq-client:jar:5.16.2:compile
[INFO] |  |  |  +- org.fusesource.hawtbuf:hawtbuf:jar:1.11:compile
[INFO] |  |  |  \- org.apache.geronimo.specs:geronimo-j2ee-management_1.1_spec:jar:1.0.1:compile
[INFO] |  |  \- org.apache.activemq:activemq-openwire-legacy:jar:5.16.2:compile
[INFO] |  +- jakarta.jms:jakarta.jms-api:jar:2.0.3:compile
[INFO] |  +- org.slf4j:jcl-over-slf4j:jar:1.7.32:compile
[INFO] |  \- org.fusesource.jansi:jansi:jar:2.3.4:compile
[INFO] +- org.hibernate:hibernate-core:jar:5.5.9.Final:compile
[INFO] |  +- org.jboss.logging:jboss-logging:jar:3.4.2.Final:compile
[INFO] |  +- javax.persistence:javax.persistence-api:jar:2.2:compile
[INFO] |  +- org.javassist:javassist:jar:3.29.2-GA:runtime
[INFO] |  +- net.bytebuddy:byte-buddy:jar:1.11.12:compile
[INFO] |  +- antlr:antlr:jar:2.7.7:compile
[INFO] |  +- org.jboss.spec.javax.transaction:jboss-transaction-api_1.2_spec:jar:1.1.1.Final:compile
[INFO] |  +- org.jboss:jandex:jar:2.2.3.Final:compile
[INFO] |  +- com.fasterxml:classmate:jar:1.5.1:compile
[INFO] |  +- javax.activation:javax.activation-api:jar:1.2.0:compile
[INFO] |  +- org.hibernate.common:hibernate-commons-annotations:jar:5.1.2.Final:compile
[INFO] |  \- org.glassfish.jaxb:jaxb-runtime:jar:2.3.1:compile
[INFO] |     +- org.glassfish.jaxb:txw2:jar:2.3.1:compile
[INFO] |     +- com.sun.istack:istack-commons-runtime:jar:3.0.7:compile
[INFO] |     +- org.jvnet.staxex:stax-ex:jar:1.8:compile
[INFO] |     \- com.sun.xml.fastinfoset:FastInfoset:jar:1.2.15:compile
[INFO] +- org.springframework:spring-core:jar:5.3.24:compile
[INFO] |  \- org.springframework:spring-jcl:jar:5.3.24:compile
[INFO] +- org.springframework:spring-context:jar:5.3.24:compile
[INFO] |  +- org.springframework:spring-aop:jar:5.3.24:compile
[INFO] |  \- org.springframework:spring-expression:jar:5.3.24:compile
[INFO] +- org.springframework:spring-orm:jar:5.3.24:compile
[INFO] +- org.nuiton:nuiton-config:jar:3.5:compile
[INFO] |  +- org.nuiton:nuiton-converter:jar:1.0:compile
[INFO] |  +- org.nuiton:nuiton-version:jar:1.0-rc-2:compile
[INFO] |  +- org.apache.commons:commons-lang3:jar:3.4:compile
[INFO] |  +- commons-logging:commons-logging:jar:1.2:compile
[INFO] |  +- org.apache.commons:commons-collections4:jar:4.2:compile
[INFO] |  +- commons-io:commons-io:jar:2.6:compile
[INFO] |  \- commons-beanutils:commons-beanutils:jar:1.9.4:compile
[INFO] |     \- commons-collections:commons-collections:jar:3.2.2:compile
[INFO] +- org.nuiton.i18n:nuiton-i18n:jar:4.0:compile
[INFO] +- org.nuiton:nuiton-utils:jar:3.0:compile
[INFO] |  +- commons-primitives:commons-primitives:jar:1.0:compile
[INFO] |  \- com.google.guava:guava:jar:30.1.1-jre:compile
[INFO] |     +- com.google.guava:failureaccess:jar:1.0.1:compile
[INFO] |     +- com.google.guava:listenablefuture:jar:9999.0-empty-to-avoid-conflict-with-guava:compile
[INFO] |     +- com.google.code.findbugs:jsr305:jar:3.0.2:compile
[INFO] |     +- org.checkerframework:checker-qual:jar:3.8.0:compile
[INFO] |     +- com.google.errorprone:error_prone_annotations:jar:2.5.1:compile
[INFO] |     \- com.google.j2objc:j2objc-annotations:jar:1.3:compile
[INFO] +- javax.xml.bind:jaxb-api:jar:2.3.1:compile
[INFO] +- org.slf4j:slf4j-api:jar:1.7.32:compile
[INFO] +- org.projectlombok:lombok:jar:1.18.22:compile
[INFO] +- junit:junit:jar:4.13.1:compile
[INFO] |  \- org.hamcrest:hamcrest-core:jar:1.3:compile
[INFO] +- org.slf4j:slf4j-simple:jar:1.7.32:test
[INFO] +- org.reflections:reflections:jar:0.9.12:compile
[INFO] +- org.dbunit:dbunit:jar:2.7.2:compile
[INFO] +- org.jmock:jmock:jar:2.12.0:compile
[INFO] |  +- org.jmock:jmock-testjar:jar:2.12.0:compile
[INFO] |  |  \- com.google.code.findbugs:annotations:jar:3.0.1:compile
[INFO] |  |     \- net.jcip:jcip-annotations:jar:1.0:compile
[INFO] |  +- org.hamcrest:hamcrest:jar:2.1:compile
[INFO] |  +- org.hamcrest:hamcrest-library:jar:2.1:compile
[INFO] |  +- org.ow2.asm:asm:jar:7.1:compile
[INFO] |  \- org.apache-extras.beanshell:bsh:jar:2.0b6:compile
[INFO] +- org.jmock:jmock-junit4:jar:2.12.0:compile
[INFO] |  +- org.jmock:jmock-legacy:jar:2.12.0:runtime
[INFO] |  |  +- org.objenesis:objenesis:jar:3.0.1:runtime
[INFO] |  |  \- cglib:cglib:jar:3.3.0:runtime
[INFO] |  \- org.jmock:jmock-imposters:jar:2.12.0:runtime
[INFO] +- org.springframework:spring-test:jar:5.3.24:compile
[INFO] \- org.springframework.boot:spring-boot-test:jar:2.7.4:compile
[INFO]    \- org.springframework.boot:spring-boot:jar:2.7.4:compile
[INFO] 
[INFO] ----------------------< net.sumaris:sumaris-core >----------------------
[INFO] Building SUMARiS:: Core 1.32.1-SNAPSHOT                            [4/8]
[INFO] --------------------------------[ jar ]---------------------------------
[INFO] 
[INFO] --- maven-dependency-plugin:2.8:tree (default-cli) @ sumaris-core ---
[INFO] net.sumaris:sumaris-core:jar:1.32.1-SNAPSHOT
[INFO] +- net.sumaris:sumaris-core-shared:jar:1.32.1-SNAPSHOT:compile
[INFO] |  +- io.leangen.graphql:spqr:jar:0.12.0:compile
[INFO] |  |  +- net.dongliu:gson-java8-datatype:jar:1.1.0:compile
[INFO] |  |  +- com.fasterxml.jackson.module:jackson-module-parameter-names:jar:2.14.1:compile
[INFO] |  |  +- com.fasterxml.jackson.datatype:jackson-datatype-jdk8:jar:2.14.1:compile
[INFO] |  |  +- com.fasterxml.jackson.datatype:jackson-datatype-jsr310:jar:2.14.1:compile
[INFO] |  |  +- io.leangen.geantyref:geantyref:jar:1.3.13:compile
[INFO] |  |  +- com.graphql-java:graphql-java:jar:19.3:compile
[INFO] |  |  |  \- com.graphql-java:java-dataloader:jar:3.2.0:compile
[INFO] |  |  +- com.graphql-java:graphql-java-extended-scalars:jar:19.1:compile
[INFO] |  |  \- io.github.classgraph:classgraph:jar:4.8.151:compile
[INFO] |  +- com.fasterxml.jackson.core:jackson-databind:jar:2.14.1:compile
[INFO] |  |  +- com.fasterxml.jackson.core:jackson-annotations:jar:2.14.1:compile
[INFO] |  |  \- com.fasterxml.jackson.core:jackson-core:jar:2.14.1:compile
[INFO] |  +- com.fasterxml.jackson.dataformat:jackson-dataformat-xml:jar:2.14.1:compile
[INFO] |  |  +- org.codehaus.woodstox:stax2-api:jar:4.2.1:compile
[INFO] |  |  \- com.fasterxml.woodstox:woodstox-core:jar:6.4.0:compile
[INFO] |  +- org.springframework:spring-beans:jar:5.3.24:compile
[INFO] |  +- org.springframework:spring-context:jar:5.3.24:compile
[INFO] |  |  \- org.springframework:spring-expression:jar:5.3.24:compile
[INFO] |  +- org.springframework:spring-context-support:jar:5.3.24:compile
[INFO] |  +- org.springframework:spring-tx:jar:5.3.24:compile
[INFO] |  +- org.springframework:spring-jdbc:jar:5.3.24:compile
[INFO] |  +- org.springframework.data:spring-data-commons:jar:2.7.6:compile
[INFO] |  +- org.aspectj:aspectjweaver:jar:1.9.9.1:runtime
[INFO] |  +- javax.annotation:javax.annotation-api:jar:1.3.2:compile
[INFO] |  +- org.ehcache:ehcache:jar:3.8.1:compile
[INFO] |  +- javax.cache:cache-api:jar:1.1.1:compile
[INFO] |  +- org.reflections:reflections:jar:0.9.12:compile
[INFO] |  +- org.dom4j:dom4j:jar:2.1.3:compile
[INFO] |  +- org.abstractj.kalium:kalium:jar:0.8.2:compile
[INFO] |  +- com.lambdaworks:scrypt:jar:1.4.0:compile
[INFO] |  +- com.github.jnr:jnr-ffi:jar:2.2.2:compile
[INFO] |  |  +- com.github.jnr:jffi:jar:1.3.1:compile
[INFO] |  |  +- com.github.jnr:jffi:jar:native:1.3.1:runtime
[INFO] |  |  +- org.ow2.asm:asm:jar:9.1:compile
[INFO] |  |  +- org.ow2.asm:asm-commons:jar:9.1:compile
[INFO] |  |  +- org.ow2.asm:asm-analysis:jar:9.1:compile
[INFO] |  |  +- org.ow2.asm:asm-tree:jar:9.1:compile
[INFO] |  |  +- org.ow2.asm:asm-util:jar:9.1:compile
[INFO] |  |  +- com.github.jnr:jnr-a64asm:jar:1.0.0:compile
[INFO] |  |  \- com.github.jnr:jnr-x86asm:jar:1.0.2:compile
[INFO] |  +- io.reactivex.rxjava3:rxjava:jar:3.1.5:compile
[INFO] |  |  \- org.reactivestreams:reactive-streams:jar:1.0.4:compile
[INFO] |  +- org.liquibase:liquibase-core:jar:4.12.0:compile
[INFO] |  |  \- com.opencsv:opencsv:jar:5.6:compile
[INFO] |  |     \- org.apache.commons:commons-text:jar:1.9:compile
[INFO] |  +- org.liquibase.ext:liquibase-hibernate5:jar:4.12.0:compile
[INFO] |  +- org.slf4j:slf4j-api:jar:1.7.32:compile
[INFO] |  +- org.slf4j:jcl-over-slf4j:jar:1.7.32:compile
[INFO] |  \- org.fusesource.jansi:jansi:jar:2.3.4:compile
[INFO] +- org.hibernate:hibernate-core:jar:5.5.9.Final:compile
[INFO] |  +- org.jboss.logging:jboss-logging:jar:3.4.2.Final:compile
[INFO] |  +- javax.persistence:javax.persistence-api:jar:2.2:compile
[INFO] |  +- org.javassist:javassist:jar:3.29.2-GA:runtime
[INFO] |  +- net.bytebuddy:byte-buddy:jar:1.11.12:compile
[INFO] |  +- antlr:antlr:jar:2.7.7:compile
[INFO] |  +- org.jboss.spec.javax.transaction:jboss-transaction-api_1.2_spec:jar:1.1.1.Final:compile
[INFO] |  +- org.jboss:jandex:jar:2.2.3.Final:compile
[INFO] |  +- com.fasterxml:classmate:jar:1.5.1:compile
[INFO] |  +- javax.activation:javax.activation-api:jar:1.2.0:compile
[INFO] |  +- org.hibernate.common:hibernate-commons-annotations:jar:5.1.2.Final:compile
[INFO] |  +- javax.xml.bind:jaxb-api:jar:2.3.1:compile
[INFO] |  \- org.glassfish.jaxb:jaxb-runtime:jar:2.3.1:compile
[INFO] |     +- org.glassfish.jaxb:txw2:jar:2.3.1:compile
[INFO] |     +- com.sun.istack:istack-commons-runtime:jar:3.0.7:compile
[INFO] |     +- org.jvnet.staxex:stax-ex:jar:1.8:compile
[INFO] |     \- com.sun.xml.fastinfoset:FastInfoset:jar:1.2.15:compile
[INFO] +- org.hibernate.validator:hibernate-validator:jar:6.2.3.Final:compile
[INFO] |  \- jakarta.validation:jakarta.validation-api:jar:2.0.2:compile
[INFO] +- org.hibernate:hibernate-jcache:jar:5.5.9.Final:compile
[INFO] +- org.hibernate:hibernate-spatial:jar:5.5.9.Final:compile
[INFO] |  \- org.geolatte:geolatte-geom:jar:1.8.2:compile
[INFO] |     \- org.locationtech.jts:jts-core:jar:1.18.2:compile (version selected from constraint [1.18.0,1.19.0))
[INFO] +- org.springframework:spring-core:jar:5.3.24:compile
[INFO] |  \- org.springframework:spring-jcl:jar:5.3.24:compile
[INFO] +- org.springframework:spring-orm:jar:5.3.24:compile
[INFO] +- org.springframework.data:spring-data-jpa:jar:2.7.6:compile
[INFO] |  \- org.springframework:spring-aop:jar:5.3.24:compile
[INFO] +- com.querydsl:querydsl-jpa:jar:5.0.0:compile
[INFO] |  \- com.querydsl:querydsl-core:jar:5.0.0:compile
[INFO] |     \- com.mysema.commons:mysema-commons-lang:jar:0.2.4:compile
[INFO] +- org.projectlombok:lombok:jar:1.18.22:compile
[INFO] +- org.springframework:spring-jms:jar:5.3.24:compile
[INFO] |  \- org.springframework:spring-messaging:jar:5.3.24:compile
[INFO] +- org.apache.activemq:activemq-broker:jar:5.16.2:compile
[INFO] |  +- org.apache.activemq:activemq-client:jar:5.16.2:compile
[INFO] |  |  +- org.fusesource.hawtbuf:hawtbuf:jar:1.11:compile
[INFO] |  |  \- org.apache.geronimo.specs:geronimo-j2ee-management_1.1_spec:jar:1.0.1:compile
[INFO] |  \- org.apache.activemq:activemq-openwire-legacy:jar:5.16.2:compile
[INFO] +- jakarta.jms:jakarta.jms-api:jar:2.0.3:compile
[INFO] +- org.nuiton:nuiton-config:jar:3.5:compile
[INFO] |  +- org.nuiton:nuiton-converter:jar:1.0:compile
[INFO] |  +- org.nuiton:nuiton-version:jar:1.0-rc-2:compile
[INFO] |  +- org.apache.commons:commons-lang3:jar:3.4:compile
[INFO] |  +- commons-logging:commons-logging:jar:1.2:compile
[INFO] |  +- org.apache.commons:commons-collections4:jar:4.2:compile
[INFO] |  +- commons-io:commons-io:jar:2.6:compile
[INFO] |  \- commons-beanutils:commons-beanutils:jar:1.9.4:compile
[INFO] |     \- commons-collections:commons-collections:jar:3.2.2:compile
[INFO] +- org.nuiton.i18n:nuiton-i18n:jar:4.0:compile
[INFO] +- org.nuiton:nuiton-utils:jar:3.0:compile
[INFO] |  +- commons-primitives:commons-primitives:jar:1.0:compile
[INFO] |  \- com.google.guava:guava:jar:30.1.1-jre:compile
[INFO] |     +- com.google.guava:failureaccess:jar:1.0.1:compile
[INFO] |     +- com.google.guava:listenablefuture:jar:9999.0-empty-to-avoid-conflict-with-guava:compile
[INFO] |     +- com.google.code.findbugs:jsr305:jar:3.0.2:compile
[INFO] |     +- org.checkerframework:checker-qual:jar:3.8.0:compile
[INFO] |     +- com.google.errorprone:error_prone_annotations:jar:2.5.1:compile
[INFO] |     \- com.google.j2objc:j2objc-annotations:jar:1.3:compile
[INFO] +- org.springframework.boot:spring-boot-starter:jar:2.7.4:compile
[INFO] |  +- org.springframework.boot:spring-boot:jar:2.7.4:compile
[INFO] |  +- org.springframework.boot:spring-boot-autoconfigure:jar:2.7.4:compile
[INFO] |  +- org.springframework.boot:spring-boot-starter-logging:jar:2.7.4:compile
[INFO] |  |  +- ch.qos.logback:logback-classic:jar:1.2.5:compile
[INFO] |  |  |  \- ch.qos.logback:logback-core:jar:1.2.5:compile
[INFO] |  |  +- org.apache.logging.log4j:log4j-to-slf4j:jar:2.15.0:compile
[INFO] |  |  |  \- org.apache.logging.log4j:log4j-api:jar:2.15.0:compile
[INFO] |  |  \- org.slf4j:jul-to-slf4j:jar:1.7.36:compile
[INFO] |  +- jakarta.annotation:jakarta.annotation-api:jar:1.3.5:compile
[INFO] |  \- org.yaml:snakeyaml:jar:1.30:compile
[INFO] +- org.springframework.boot:spring-boot-starter-data-jpa:jar:2.7.4:compile
[INFO] |  +- org.springframework.boot:spring-boot-starter-aop:jar:2.7.4:compile
[INFO] |  +- org.springframework.boot:spring-boot-starter-jdbc:jar:2.7.4:compile
[INFO] |  |  \- com.zaxxer:HikariCP:jar:4.0.3:compile
[INFO] |  +- jakarta.transaction:jakarta.transaction-api:jar:1.3.3:compile
[INFO] |  +- jakarta.persistence:jakarta.persistence-api:jar:2.2.3:compile
[INFO] |  \- org.springframework:spring-aspects:jar:5.3.23:compile
[INFO] +- org.springframework.boot:spring-boot-starter-cache:jar:2.7.4:compile
[INFO] +- org.hsqldb:hsqldb:jar:2.4.1:compile
[INFO] +- com.oracle:ojdbc8:jar:12.2.0.1:provided
[INFO] +- org.postgresql:postgresql:jar:42.2.5:provided
[INFO] +- net.sumaris:sumaris-test-shared:jar:1.32.1-SNAPSHOT:test
[INFO] |  +- org.jmock:jmock:jar:2.12.0:test
[INFO] |  |  +- org.jmock:jmock-testjar:jar:2.12.0:test
[INFO] |  |  |  \- com.google.code.findbugs:annotations:jar:3.0.1:test
[INFO] |  |  |     \- net.jcip:jcip-annotations:jar:1.0:test
[INFO] |  |  +- org.hamcrest:hamcrest-library:jar:2.1:test
[INFO] |  |  \- org.apache-extras.beanshell:bsh:jar:2.0b6:test
[INFO] |  +- org.jmock:jmock-junit4:jar:2.12.0:test
[INFO] |  |  +- org.jmock:jmock-legacy:jar:2.12.0:test
[INFO] |  |  |  \- cglib:cglib:jar:3.3.0:runtime
[INFO] |  |  \- org.jmock:jmock-imposters:jar:2.12.0:test
[INFO] |  +- org.springframework:spring-test:jar:5.3.24:test
[INFO] |  \- org.springframework.boot:spring-boot-test:jar:2.7.4:test
[INFO] +- junit:junit:jar:4.13.1:test
[INFO] |  \- org.hamcrest:hamcrest-core:jar:1.3:test
[INFO] +- org.dbunit:dbunit:jar:2.7.2:test
[INFO] +- org.springframework.boot:spring-boot-starter-test:jar:2.7.4:test
[INFO] |  +- org.springframework.boot:spring-boot-test-autoconfigure:jar:2.7.4:test
[INFO] |  +- com.jayway.jsonpath:json-path:jar:2.7.0:test
[INFO] |  |  \- net.minidev:json-smart:jar:2.4.7:test
[INFO] |  |     \- net.minidev:accessors-smart:jar:2.4.7:test
[INFO] |  +- jakarta.xml.bind:jakarta.xml.bind-api:jar:2.3.3:test
[INFO] |  |  \- jakarta.activation:jakarta.activation-api:jar:1.2.2:test
[INFO] |  +- org.assertj:assertj-core:jar:3.22.0:test
[INFO] |  +- org.hamcrest:hamcrest:jar:2.2:test
[INFO] |  +- org.mockito:mockito-core:jar:4.5.1:test
[INFO] |  |  +- net.bytebuddy:byte-buddy-agent:jar:1.12.9:test
[INFO] |  |  \- org.objenesis:objenesis:jar:3.2:test
[INFO] |  +- org.skyscreamer:jsonassert:jar:1.5.1:test
[INFO] |  |  \- com.vaadin.external.google:android-json:jar:0.0.20131108.vaadin1:test
[INFO] |  \- org.xmlunit:xmlunit-core:jar:2.9.0:test
[INFO] \- com.mattbertolini:liquibase-slf4j:jar:4.0.0:test
[INFO] 
[INFO] ------------------< net.sumaris:sumaris-importation >-------------------
[INFO] Building SUMARiS:: Importation 1.32.1-SNAPSHOT                     [5/8]
[INFO] --------------------------------[ jar ]---------------------------------
[INFO] 
[INFO] --- maven-dependency-plugin:2.8:tree (default-cli) @ sumaris-importation ---
[INFO] net.sumaris:sumaris-importation:jar:1.32.1-SNAPSHOT
[INFO] +- net.sumaris:sumaris-core:jar:1.32.1-SNAPSHOT:compile
[INFO] |  +- net.sumaris:sumaris-core-shared:jar:1.32.1-SNAPSHOT:compile
[INFO] |  |  +- io.leangen.graphql:spqr:jar:0.12.0:compile
[INFO] |  |  |  +- net.dongliu:gson-java8-datatype:jar:1.1.0:compile
[INFO] |  |  |  +- com.fasterxml.jackson.module:jackson-module-parameter-names:jar:2.14.1:compile
[INFO] |  |  |  +- com.fasterxml.jackson.datatype:jackson-datatype-jdk8:jar:2.14.1:compile
[INFO] |  |  |  +- com.fasterxml.jackson.datatype:jackson-datatype-jsr310:jar:2.14.1:compile
[INFO] |  |  |  +- io.leangen.geantyref:geantyref:jar:1.3.13:compile
[INFO] |  |  |  +- com.graphql-java:graphql-java:jar:19.3:compile
[INFO] |  |  |  |  \- com.graphql-java:java-dataloader:jar:3.2.0:compile
[INFO] |  |  |  +- com.graphql-java:graphql-java-extended-scalars:jar:19.1:compile
[INFO] |  |  |  \- io.github.classgraph:classgraph:jar:4.8.151:compile
[INFO] |  |  +- com.fasterxml.jackson.core:jackson-databind:jar:2.14.1:compile
[INFO] |  |  |  +- com.fasterxml.jackson.core:jackson-annotations:jar:2.14.1:compile
[INFO] |  |  |  \- com.fasterxml.jackson.core:jackson-core:jar:2.14.1:compile
[INFO] |  |  +- com.fasterxml.jackson.dataformat:jackson-dataformat-xml:jar:2.14.1:compile
[INFO] |  |  |  +- org.codehaus.woodstox:stax2-api:jar:4.2.1:compile
[INFO] |  |  |  \- com.fasterxml.woodstox:woodstox-core:jar:6.4.0:compile
[INFO] |  |  +- org.springframework:spring-context-support:jar:5.3.24:compile
[INFO] |  |  +- org.springframework:spring-tx:jar:5.3.24:compile
[INFO] |  |  +- org.springframework:spring-jdbc:jar:5.3.24:compile
[INFO] |  |  +- org.springframework.data:spring-data-commons:jar:2.7.6:compile
[INFO] |  |  +- org.aspectj:aspectjweaver:jar:1.9.9.1:runtime
[INFO] |  |  +- javax.annotation:javax.annotation-api:jar:1.3.2:compile
[INFO] |  |  +- org.ehcache:ehcache:jar:3.8.1:compile
[INFO] |  |  +- javax.cache:cache-api:jar:1.1.1:compile
[INFO] |  |  +- org.dom4j:dom4j:jar:2.1.3:compile
[INFO] |  |  +- org.abstractj.kalium:kalium:jar:0.8.2:compile
[INFO] |  |  +- com.lambdaworks:scrypt:jar:1.4.0:compile
[INFO] |  |  +- com.github.jnr:jnr-ffi:jar:2.2.2:compile
[INFO] |  |  |  +- com.github.jnr:jffi:jar:1.3.1:compile
[INFO] |  |  |  +- com.github.jnr:jffi:jar:native:1.3.1:runtime
[INFO] |  |  |  +- org.ow2.asm:asm-commons:jar:9.1:compile
[INFO] |  |  |  +- org.ow2.asm:asm-analysis:jar:9.1:compile
[INFO] |  |  |  +- org.ow2.asm:asm-tree:jar:9.1:compile
[INFO] |  |  |  +- org.ow2.asm:asm-util:jar:9.1:compile
[INFO] |  |  |  +- com.github.jnr:jnr-a64asm:jar:1.0.0:compile
[INFO] |  |  |  \- com.github.jnr:jnr-x86asm:jar:1.0.2:compile
[INFO] |  |  +- io.reactivex.rxjava3:rxjava:jar:3.1.5:compile
[INFO] |  |  |  \- org.reactivestreams:reactive-streams:jar:1.0.4:compile
[INFO] |  |  +- org.liquibase:liquibase-core:jar:4.12.0:compile
[INFO] |  |  |  \- com.opencsv:opencsv:jar:5.6:compile
[INFO] |  |  |     \- org.apache.commons:commons-text:jar:1.9:compile
[INFO] |  |  +- org.liquibase.ext:liquibase-hibernate5:jar:4.12.0:compile
[INFO] |  |  +- com.mattbertolini:liquibase-slf4j:jar:4.0.0:compile
[INFO] |  |  +- org.slf4j:jcl-over-slf4j:jar:1.7.32:compile
[INFO] |  |  \- org.fusesource.jansi:jansi:jar:2.3.4:compile
[INFO] |  +- org.hibernate:hibernate-core:jar:5.5.9.Final:compile
[INFO] |  |  +- org.jboss.logging:jboss-logging:jar:3.4.2.Final:compile
[INFO] |  |  +- javax.persistence:javax.persistence-api:jar:2.2:compile
[INFO] |  |  +- org.javassist:javassist:jar:3.29.2-GA:runtime
[INFO] |  |  +- net.bytebuddy:byte-buddy:jar:1.11.12:compile
[INFO] |  |  +- antlr:antlr:jar:2.7.7:compile
[INFO] |  |  +- org.jboss.spec.javax.transaction:jboss-transaction-api_1.2_spec:jar:1.1.1.Final:compile
[INFO] |  |  +- org.jboss:jandex:jar:2.2.3.Final:compile
[INFO] |  |  +- com.fasterxml:classmate:jar:1.5.1:compile
[INFO] |  |  +- javax.activation:javax.activation-api:jar:1.2.0:compile
[INFO] |  |  +- org.hibernate.common:hibernate-commons-annotations:jar:5.1.2.Final:compile
[INFO] |  |  \- org.glassfish.jaxb:jaxb-runtime:jar:2.3.1:compile
[INFO] |  |     +- org.glassfish.jaxb:txw2:jar:2.3.1:compile
[INFO] |  |     +- com.sun.istack:istack-commons-runtime:jar:3.0.7:compile
[INFO] |  |     +- org.jvnet.staxex:stax-ex:jar:1.8:compile
[INFO] |  |     \- com.sun.xml.fastinfoset:FastInfoset:jar:1.2.15:compile
[INFO] |  +- org.hibernate.validator:hibernate-validator:jar:6.2.3.Final:compile
[INFO] |  |  \- jakarta.validation:jakarta.validation-api:jar:2.0.2:compile
[INFO] |  +- org.hibernate:hibernate-jcache:jar:5.5.9.Final:compile
[INFO] |  +- org.hibernate:hibernate-spatial:jar:5.5.9.Final:compile
[INFO] |  |  +- org.geolatte:geolatte-geom:jar:1.8.2:compile
[INFO] |  |  |  \- org.locationtech.jts:jts-core:jar:1.18.2:compile (version selected from constraint [1.18.0,1.19.0))
[INFO] |  |  \- org.postgresql:postgresql:jar:42.2.5:compile
[INFO] |  +- org.springframework:spring-core:jar:5.3.24:compile
[INFO] |  |  \- org.springframework:spring-jcl:jar:5.3.24:compile
[INFO] |  +- org.springframework:spring-orm:jar:5.3.24:compile
[INFO] |  +- org.springframework.data:spring-data-jpa:jar:2.7.6:compile
[INFO] |  +- com.querydsl:querydsl-jpa:jar:5.0.0:compile
[INFO] |  |  \- com.querydsl:querydsl-core:jar:5.0.0:compile
[INFO] |  |     \- com.mysema.commons:mysema-commons-lang:jar:0.2.4:compile
[INFO] |  +- org.springframework:spring-jms:jar:5.3.24:compile
[INFO] |  |  \- org.springframework:spring-messaging:jar:5.3.24:compile
[INFO] |  +- org.apache.activemq:activemq-broker:jar:5.16.2:compile
[INFO] |  |  +- org.apache.activemq:activemq-client:jar:5.16.2:compile
[INFO] |  |  |  +- org.fusesource.hawtbuf:hawtbuf:jar:1.11:compile
[INFO] |  |  |  \- org.apache.geronimo.specs:geronimo-j2ee-management_1.1_spec:jar:1.0.1:compile
[INFO] |  |  \- org.apache.activemq:activemq-openwire-legacy:jar:5.16.2:compile
[INFO] |  +- jakarta.jms:jakarta.jms-api:jar:2.0.3:compile
[INFO] |  +- org.nuiton:nuiton-config:jar:3.5:compile
[INFO] |  |  +- org.nuiton:nuiton-converter:jar:1.0:compile
[INFO] |  |  +- org.nuiton:nuiton-version:jar:1.0-rc-2:compile
[INFO] |  |  +- org.apache.commons:commons-lang3:jar:3.4:compile
[INFO] |  |  +- commons-logging:commons-logging:jar:1.2:compile
[INFO] |  |  +- org.apache.commons:commons-collections4:jar:4.2:compile
[INFO] |  |  +- commons-io:commons-io:jar:2.6:compile
[INFO] |  |  \- commons-beanutils:commons-beanutils:jar:1.9.4:compile
[INFO] |  |     \- commons-collections:commons-collections:jar:3.2.2:compile
[INFO] |  +- org.nuiton.i18n:nuiton-i18n:jar:4.0:compile
[INFO] |  +- org.nuiton:nuiton-utils:jar:3.0:compile
[INFO] |  |  +- commons-primitives:commons-primitives:jar:1.0:compile
[INFO] |  |  \- com.google.guava:guava:jar:30.1.1-jre:compile
[INFO] |  |     +- com.google.guava:failureaccess:jar:1.0.1:compile
[INFO] |  |     +- com.google.guava:listenablefuture:jar:9999.0-empty-to-avoid-conflict-with-guava:compile
[INFO] |  |     +- com.google.code.findbugs:jsr305:jar:3.0.2:compile
[INFO] |  |     +- org.checkerframework:checker-qual:jar:3.8.0:compile
[INFO] |  |     +- com.google.errorprone:error_prone_annotations:jar:2.5.1:compile
[INFO] |  |     \- com.google.j2objc:j2objc-annotations:jar:1.3:compile
[INFO] |  +- org.springframework.boot:spring-boot-starter:jar:2.7.4:compile
[INFO] |  |  +- org.springframework.boot:spring-boot:jar:2.7.4:compile
[INFO] |  |  +- org.springframework.boot:spring-boot-autoconfigure:jar:2.7.4:compile
[INFO] |  |  +- org.springframework.boot:spring-boot-starter-logging:jar:2.7.4:compile
[INFO] |  |  |  +- org.apache.logging.log4j:log4j-to-slf4j:jar:2.15.0:compile
[INFO] |  |  |  |  \- org.apache.logging.log4j:log4j-api:jar:2.15.0:compile
[INFO] |  |  |  \- org.slf4j:jul-to-slf4j:jar:1.7.36:compile
[INFO] |  |  +- jakarta.annotation:jakarta.annotation-api:jar:1.3.5:compile
[INFO] |  |  \- org.yaml:snakeyaml:jar:1.30:compile
[INFO] |  +- org.springframework.boot:spring-boot-starter-data-jpa:jar:2.7.4:compile
[INFO] |  |  +- org.springframework.boot:spring-boot-starter-aop:jar:2.7.4:compile
[INFO] |  |  +- org.springframework.boot:spring-boot-starter-jdbc:jar:2.7.4:compile
[INFO] |  |  |  \- com.zaxxer:HikariCP:jar:4.0.3:compile
[INFO] |  |  +- jakarta.transaction:jakarta.transaction-api:jar:1.3.3:compile
[INFO] |  |  +- jakarta.persistence:jakarta.persistence-api:jar:2.2.3:compile
[INFO] |  |  \- org.springframework:spring-aspects:jar:5.3.23:compile
[INFO] |  +- org.springframework.boot:spring-boot-starter-cache:jar:2.7.4:compile
[INFO] |  \- org.hsqldb:hsqldb:jar:2.4.1:compile
[INFO] +- org.projectlombok:lombok:jar:1.18.22:compile
[INFO] +- net.sf.opencsv:opencsv:jar:2.4.3:compile
[INFO] +- net.sumaris:sumaris-test-shared:jar:1.32.1-SNAPSHOT:test
[INFO] |  +- org.springframework:spring-context:jar:5.3.24:compile
[INFO] |  +- javax.xml.bind:jaxb-api:jar:2.3.1:compile
[INFO] |  +- org.slf4j:slf4j-api:jar:1.7.32:compile
[INFO] |  +- org.reflections:reflections:jar:0.9.12:compile
[INFO] |  +- org.jmock:jmock:jar:2.12.0:test
[INFO] |  |  +- org.jmock:jmock-testjar:jar:2.12.0:test
[INFO] |  |  |  \- com.google.code.findbugs:annotations:jar:3.0.1:test
[INFO] |  |  |     \- net.jcip:jcip-annotations:jar:1.0:test
[INFO] |  |  +- org.hamcrest:hamcrest-library:jar:2.1:test
[INFO] |  |  +- org.ow2.asm:asm:jar:7.1:compile
[INFO] |  |  \- org.apache-extras.beanshell:bsh:jar:2.0b6:test
[INFO] |  +- org.jmock:jmock-junit4:jar:2.12.0:test
[INFO] |  |  +- org.jmock:jmock-legacy:jar:2.12.0:test
[INFO] |  |  |  \- cglib:cglib:jar:3.3.0:runtime
[INFO] |  |  \- org.jmock:jmock-imposters:jar:2.12.0:test
[INFO] |  +- org.springframework:spring-test:jar:5.3.24:test
[INFO] |  \- org.springframework.boot:spring-boot-test:jar:2.7.4:test
[INFO] +- junit:junit:jar:4.13.1:test
[INFO] |  \- org.hamcrest:hamcrest-core:jar:1.3:test
[INFO] +- org.dbunit:dbunit:jar:2.7.2:test
[INFO] +- org.springframework.boot:spring-boot-starter-test:jar:2.7.4:test
[INFO] |  +- org.springframework.boot:spring-boot-test-autoconfigure:jar:2.7.4:test
[INFO] |  +- com.jayway.jsonpath:json-path:jar:2.7.0:test
[INFO] |  |  \- net.minidev:json-smart:jar:2.4.7:test
[INFO] |  |     \- net.minidev:accessors-smart:jar:2.4.7:test
[INFO] |  +- jakarta.xml.bind:jakarta.xml.bind-api:jar:2.3.3:test
[INFO] |  |  \- jakarta.activation:jakarta.activation-api:jar:1.2.2:test
[INFO] |  +- org.assertj:assertj-core:jar:3.22.0:test
[INFO] |  +- org.hamcrest:hamcrest:jar:2.2:test
[INFO] |  +- org.mockito:mockito-core:jar:4.5.1:test
[INFO] |  |  +- net.bytebuddy:byte-buddy-agent:jar:1.12.9:test
[INFO] |  |  \- org.objenesis:objenesis:jar:3.2:test
[INFO] |  +- org.skyscreamer:jsonassert:jar:1.5.1:test
[INFO] |  |  \- com.vaadin.external.google:android-json:jar:0.0.20131108.vaadin1:test
[INFO] |  \- org.xmlunit:xmlunit-core:jar:2.9.0:test
[INFO] +- ch.qos.logback:logback-classic:jar:1.2.5:test
[INFO] |  \- ch.qos.logback:logback-core:jar:1.2.5:test
[INFO] +- org.springframework:spring-web:jar:5.3.24:test
[INFO] |  \- org.springframework:spring-beans:jar:5.3.24:compile
[INFO] \- org.springframework:spring-webmvc:jar:5.3.24:test
[INFO]    +- org.springframework:spring-aop:jar:5.3.24:compile
[INFO]    \- org.springframework:spring-expression:jar:5.3.24:compile
[INFO] 
[INFO] -------------------< net.sumaris:sumaris-extraction >-------------------
[INFO] Building SUMARiS:: Extraction 1.32.1-SNAPSHOT                      [6/8]
[INFO] --------------------------------[ jar ]---------------------------------
[INFO] 
[INFO] --- maven-dependency-plugin:2.8:tree (default-cli) @ sumaris-extraction ---
[INFO] net.sumaris:sumaris-extraction:jar:1.32.1-SNAPSHOT
[INFO] +- net.sumaris:sumaris-core:jar:1.32.1-SNAPSHOT:compile
[INFO] |  +- net.sumaris:sumaris-core-shared:jar:1.32.1-SNAPSHOT:compile
[INFO] |  |  +- io.leangen.graphql:spqr:jar:0.12.0:compile
[INFO] |  |  |  +- net.dongliu:gson-java8-datatype:jar:1.1.0:compile
[INFO] |  |  |  +- com.fasterxml.jackson.module:jackson-module-parameter-names:jar:2.14.1:compile
[INFO] |  |  |  +- com.fasterxml.jackson.datatype:jackson-datatype-jdk8:jar:2.14.1:compile
[INFO] |  |  |  +- com.fasterxml.jackson.datatype:jackson-datatype-jsr310:jar:2.14.1:compile
[INFO] |  |  |  +- io.leangen.geantyref:geantyref:jar:1.3.13:compile
[INFO] |  |  |  +- com.graphql-java:graphql-java:jar:19.3:compile
[INFO] |  |  |  |  \- com.graphql-java:java-dataloader:jar:3.2.0:compile
[INFO] |  |  |  +- com.graphql-java:graphql-java-extended-scalars:jar:19.1:compile
[INFO] |  |  |  \- io.github.classgraph:classgraph:jar:4.8.151:compile
[INFO] |  |  +- com.fasterxml.jackson.dataformat:jackson-dataformat-xml:jar:2.14.1:compile
[INFO] |  |  |  +- org.codehaus.woodstox:stax2-api:jar:4.2.1:compile
[INFO] |  |  |  \- com.fasterxml.woodstox:woodstox-core:jar:6.4.0:compile
[INFO] |  |  +- org.springframework:spring-context-support:jar:5.3.24:compile
[INFO] |  |  +- org.springframework:spring-tx:jar:5.3.24:compile
[INFO] |  |  +- org.springframework:spring-jdbc:jar:5.3.24:compile
[INFO] |  |  +- org.springframework.data:spring-data-commons:jar:2.7.6:compile
[INFO] |  |  +- org.aspectj:aspectjweaver:jar:1.9.9.1:runtime
[INFO] |  |  +- javax.annotation:javax.annotation-api:jar:1.3.2:compile
[INFO] |  |  +- org.ehcache:ehcache:jar:3.8.1:compile
[INFO] |  |  +- javax.cache:cache-api:jar:1.1.1:compile
[INFO] |  |  +- org.dom4j:dom4j:jar:2.1.3:compile
[INFO] |  |  +- org.abstractj.kalium:kalium:jar:0.8.2:compile
[INFO] |  |  +- com.lambdaworks:scrypt:jar:1.4.0:compile
[INFO] |  |  +- com.github.jnr:jnr-ffi:jar:2.2.2:compile
[INFO] |  |  |  +- com.github.jnr:jffi:jar:1.3.1:compile
[INFO] |  |  |  +- com.github.jnr:jffi:jar:native:1.3.1:runtime
[INFO] |  |  |  +- org.ow2.asm:asm-commons:jar:9.1:compile
[INFO] |  |  |  +- org.ow2.asm:asm-analysis:jar:9.1:compile
[INFO] |  |  |  +- org.ow2.asm:asm-tree:jar:9.1:compile
[INFO] |  |  |  +- org.ow2.asm:asm-util:jar:9.1:compile
[INFO] |  |  |  +- com.github.jnr:jnr-a64asm:jar:1.0.0:compile
[INFO] |  |  |  \- com.github.jnr:jnr-x86asm:jar:1.0.2:compile
[INFO] |  |  +- io.reactivex.rxjava3:rxjava:jar:3.1.5:compile
[INFO] |  |  |  \- org.reactivestreams:reactive-streams:jar:1.0.4:compile
[INFO] |  |  +- org.liquibase:liquibase-core:jar:4.12.0:compile
[INFO] |  |  |  \- com.opencsv:opencsv:jar:5.6:compile
[INFO] |  |  |     \- org.apache.commons:commons-text:jar:1.9:compile
[INFO] |  |  +- org.liquibase.ext:liquibase-hibernate5:jar:4.12.0:compile
[INFO] |  |  +- org.slf4j:jcl-over-slf4j:jar:1.7.32:compile
[INFO] |  |  \- org.fusesource.jansi:jansi:jar:2.3.4:compile
[INFO] |  +- org.hibernate:hibernate-core:jar:5.5.9.Final:compile
[INFO] |  |  +- org.jboss.logging:jboss-logging:jar:3.4.2.Final:compile
[INFO] |  |  +- javax.persistence:javax.persistence-api:jar:2.2:compile
[INFO] |  |  +- org.javassist:javassist:jar:3.29.2-GA:runtime
[INFO] |  |  +- net.bytebuddy:byte-buddy:jar:1.11.12:compile
[INFO] |  |  +- antlr:antlr:jar:2.7.7:compile
[INFO] |  |  +- org.jboss.spec.javax.transaction:jboss-transaction-api_1.2_spec:jar:1.1.1.Final:compile
[INFO] |  |  +- org.jboss:jandex:jar:2.2.3.Final:compile
[INFO] |  |  +- com.fasterxml:classmate:jar:1.5.1:compile
[INFO] |  |  +- javax.activation:javax.activation-api:jar:1.2.0:compile
[INFO] |  |  +- org.hibernate.common:hibernate-commons-annotations:jar:5.1.2.Final:compile
[INFO] |  |  \- org.glassfish.jaxb:jaxb-runtime:jar:2.3.1:compile
[INFO] |  |     +- org.glassfish.jaxb:txw2:jar:2.3.1:compile
[INFO] |  |     +- com.sun.istack:istack-commons-runtime:jar:3.0.7:compile
[INFO] |  |     +- org.jvnet.staxex:stax-ex:jar:1.8:compile
[INFO] |  |     \- com.sun.xml.fastinfoset:FastInfoset:jar:1.2.15:compile
[INFO] |  +- org.hibernate.validator:hibernate-validator:jar:6.2.3.Final:compile
[INFO] |  |  \- jakarta.validation:jakarta.validation-api:jar:2.0.2:compile
[INFO] |  +- org.hibernate:hibernate-jcache:jar:5.5.9.Final:compile
[INFO] |  +- org.hibernate:hibernate-spatial:jar:5.5.9.Final:compile
[INFO] |  |  +- org.geolatte:geolatte-geom:jar:1.8.2:compile
[INFO] |  |  |  \- org.locationtech.jts:jts-core:jar:1.18.2:compile (version selected from constraint [1.18.0,1.19.0))
[INFO] |  |  \- org.postgresql:postgresql:jar:42.2.5:compile
[INFO] |  +- org.springframework:spring-core:jar:5.3.24:compile
[INFO] |  |  \- org.springframework:spring-jcl:jar:5.3.24:compile
[INFO] |  +- org.springframework:spring-orm:jar:5.3.24:compile
[INFO] |  +- org.springframework.data:spring-data-jpa:jar:2.7.6:compile
[INFO] |  +- com.querydsl:querydsl-jpa:jar:5.0.0:compile
[INFO] |  |  \- com.querydsl:querydsl-core:jar:5.0.0:compile
[INFO] |  |     \- com.mysema.commons:mysema-commons-lang:jar:0.2.4:compile
[INFO] |  +- org.springframework:spring-jms:jar:5.3.24:compile
[INFO] |  |  \- org.springframework:spring-messaging:jar:5.3.24:compile
[INFO] |  +- org.apache.activemq:activemq-broker:jar:5.16.2:compile
[INFO] |  |  +- org.apache.activemq:activemq-client:jar:5.16.2:compile
[INFO] |  |  |  +- org.fusesource.hawtbuf:hawtbuf:jar:1.11:compile
[INFO] |  |  |  \- org.apache.geronimo.specs:geronimo-j2ee-management_1.1_spec:jar:1.0.1:compile
[INFO] |  |  \- org.apache.activemq:activemq-openwire-legacy:jar:5.16.2:compile
[INFO] |  +- jakarta.jms:jakarta.jms-api:jar:2.0.3:compile
[INFO] |  +- org.nuiton:nuiton-config:jar:3.5:compile
[INFO] |  |  +- org.nuiton:nuiton-converter:jar:1.0:compile
[INFO] |  |  +- org.nuiton:nuiton-version:jar:1.0-rc-2:compile
[INFO] |  |  +- commons-io:commons-io:jar:2.6:compile
[INFO] |  |  \- commons-beanutils:commons-beanutils:jar:1.9.4:compile
[INFO] |  |     \- commons-collections:commons-collections:jar:3.2.2:compile
[INFO] |  +- org.nuiton.i18n:nuiton-i18n:jar:4.0:compile
[INFO] |  +- org.nuiton:nuiton-utils:jar:3.0:compile
[INFO] |  |  +- commons-primitives:commons-primitives:jar:1.0:compile
[INFO] |  |  \- com.google.guava:guava:jar:30.1.1-jre:compile
[INFO] |  |     +- com.google.guava:failureaccess:jar:1.0.1:compile
[INFO] |  |     +- com.google.guava:listenablefuture:jar:9999.0-empty-to-avoid-conflict-with-guava:compile
[INFO] |  |     +- com.google.code.findbugs:jsr305:jar:3.0.2:compile
[INFO] |  |     +- org.checkerframework:checker-qual:jar:3.8.0:compile
[INFO] |  |     +- com.google.errorprone:error_prone_annotations:jar:2.5.1:compile
[INFO] |  |     \- com.google.j2objc:j2objc-annotations:jar:1.3:compile
[INFO] |  +- org.springframework.boot:spring-boot-starter:jar:2.7.4:compile
[INFO] |  |  +- org.springframework.boot:spring-boot:jar:2.7.4:compile
[INFO] |  |  +- org.springframework.boot:spring-boot-autoconfigure:jar:2.7.4:compile
[INFO] |  |  +- org.springframework.boot:spring-boot-starter-logging:jar:2.7.4:compile
[INFO] |  |  |  +- ch.qos.logback:logback-classic:jar:1.2.5:compile
[INFO] |  |  |  |  \- ch.qos.logback:logback-core:jar:1.2.5:compile
[INFO] |  |  |  +- org.apache.logging.log4j:log4j-to-slf4j:jar:2.15.0:compile
[INFO] |  |  |  |  \- org.apache.logging.log4j:log4j-api:jar:2.15.0:compile
[INFO] |  |  |  \- org.slf4j:jul-to-slf4j:jar:1.7.36:compile
[INFO] |  |  +- jakarta.annotation:jakarta.annotation-api:jar:1.3.5:compile
[INFO] |  |  \- org.yaml:snakeyaml:jar:1.30:compile
[INFO] |  +- org.springframework.boot:spring-boot-starter-data-jpa:jar:2.7.4:compile
[INFO] |  |  +- org.springframework.boot:spring-boot-starter-aop:jar:2.7.4:compile
[INFO] |  |  +- org.springframework.boot:spring-boot-starter-jdbc:jar:2.7.4:compile
[INFO] |  |  |  \- com.zaxxer:HikariCP:jar:4.0.3:compile
[INFO] |  |  +- jakarta.transaction:jakarta.transaction-api:jar:1.3.3:compile
[INFO] |  |  +- jakarta.persistence:jakarta.persistence-api:jar:2.2.3:compile
[INFO] |  |  \- org.springframework:spring-aspects:jar:5.3.23:compile
[INFO] |  +- org.springframework.boot:spring-boot-starter-cache:jar:2.7.4:compile
[INFO] |  \- org.hsqldb:hsqldb:jar:2.4.1:compile
[INFO] +- org.springframework:spring-web:jar:5.3.24:compile
[INFO] |  \- org.springframework:spring-beans:jar:5.3.24:compile
[INFO] +- org.springframework:spring-webmvc:jar:5.3.24:compile
[INFO] |  +- org.springframework:spring-aop:jar:5.3.24:compile
[INFO] |  +- org.springframework:spring-context:jar:5.3.24:compile
[INFO] |  \- org.springframework:spring-expression:jar:5.3.24:compile
[INFO] +- javax.servlet:javax.servlet-api:jar:4.0.1:compile
[INFO] +- de.grundid.opendatalab:geojson-jackson:jar:1.14:compile
[INFO] |  +- com.fasterxml.jackson.core:jackson-core:jar:2.14.1:compile
[INFO] |  +- com.fasterxml.jackson.core:jackson-databind:jar:2.14.1:compile
[INFO] |  \- com.fasterxml.jackson.core:jackson-annotations:jar:2.14.1:compile
[INFO] +- org.projectlombok:lombok:jar:1.18.22:compile
[INFO] +- fr.ifremer.common:xmlquery:jar:1.8:compile
[INFO] |  +- org.apache.commons:commons-lang3:jar:3.4:compile
[INFO] |  +- commons-logging:commons-logging:jar:1.2:compile
[INFO] |  \- org.apache.commons:commons-collections4:jar:4.2:compile
[INFO] +- org.jdom:jdom2:jar:2.0.6:compile
[INFO] +- jaxen:jaxen:jar:1.2.0:compile
[INFO] +- net.sf.opencsv:opencsv:jar:2.4.3:compile
[INFO] +- org.gdal:gdal:jar:3.0.0:compile
[INFO] +- net.sumaris:sumaris-test-shared:jar:1.32.1-SNAPSHOT:test
[INFO] |  +- javax.xml.bind:jaxb-api:jar:2.3.1:compile
[INFO] |  +- org.slf4j:slf4j-api:jar:1.7.32:compile
[INFO] |  +- org.reflections:reflections:jar:0.9.12:compile
[INFO] |  +- org.jmock:jmock:jar:2.12.0:test
[INFO] |  |  +- org.jmock:jmock-testjar:jar:2.12.0:test
[INFO] |  |  |  \- com.google.code.findbugs:annotations:jar:3.0.1:test
[INFO] |  |  |     \- net.jcip:jcip-annotations:jar:1.0:test
[INFO] |  |  +- org.hamcrest:hamcrest-library:jar:2.1:test
[INFO] |  |  +- org.ow2.asm:asm:jar:7.1:compile
[INFO] |  |  \- org.apache-extras.beanshell:bsh:jar:2.0b6:test
[INFO] |  +- org.jmock:jmock-junit4:jar:2.12.0:test
[INFO] |  |  +- org.jmock:jmock-legacy:jar:2.12.0:test
[INFO] |  |  |  \- cglib:cglib:jar:3.3.0:runtime
[INFO] |  |  \- org.jmock:jmock-imposters:jar:2.12.0:test
[INFO] |  +- org.springframework:spring-test:jar:5.3.24:test
[INFO] |  \- org.springframework.boot:spring-boot-test:jar:2.7.4:test
[INFO] +- junit:junit:jar:4.13.1:test
[INFO] |  \- org.hamcrest:hamcrest-core:jar:1.3:test
[INFO] +- org.dbunit:dbunit:jar:2.7.2:test
[INFO] +- org.springframework.boot:spring-boot-starter-test:jar:2.7.4:test
[INFO] |  +- org.springframework.boot:spring-boot-test-autoconfigure:jar:2.7.4:test
[INFO] |  +- com.jayway.jsonpath:json-path:jar:2.7.0:test
[INFO] |  |  \- net.minidev:json-smart:jar:2.4.7:test
[INFO] |  |     \- net.minidev:accessors-smart:jar:2.4.7:test
[INFO] |  +- jakarta.xml.bind:jakarta.xml.bind-api:jar:2.3.3:test
[INFO] |  |  \- jakarta.activation:jakarta.activation-api:jar:1.2.2:test
[INFO] |  +- org.assertj:assertj-core:jar:3.22.0:test
[INFO] |  +- org.hamcrest:hamcrest:jar:2.2:test
[INFO] |  +- org.mockito:mockito-core:jar:4.5.1:test
[INFO] |  |  +- net.bytebuddy:byte-buddy-agent:jar:1.12.9:test
[INFO] |  |  \- org.objenesis:objenesis:jar:3.2:test
[INFO] |  +- org.skyscreamer:jsonassert:jar:1.5.1:test
[INFO] |  |  \- com.vaadin.external.google:android-json:jar:0.0.20131108.vaadin1:test
[INFO] |  \- org.xmlunit:xmlunit-core:jar:2.9.0:test
[INFO] +- com.mattbertolini:liquibase-slf4j:jar:4.0.0:test
[INFO] \- com.oracle:ojdbc8:jar:12.2.0.1:test
[INFO] 
[INFO] ----------------------< net.sumaris:sumaris-rdf >-----------------------
[INFO] Building SUMARiS:: RDF features 1.32.1-SNAPSHOT                    [7/8]
[INFO] --------------------------------[ jar ]---------------------------------
[INFO] 
[INFO] --- maven-dependency-plugin:2.8:tree (default-cli) @ sumaris-rdf ---
[INFO] net.sumaris:sumaris-rdf:jar:1.32.1-SNAPSHOT
[INFO] +- net.sumaris:sumaris-core:jar:1.32.1-SNAPSHOT:compile
[INFO] |  +- org.hibernate:hibernate-core:jar:5.5.9.Final:compile
[INFO] |  |  +- org.jboss.logging:jboss-logging:jar:3.4.2.Final:compile
[INFO] |  |  +- javax.persistence:javax.persistence-api:jar:2.2:compile
[INFO] |  |  +- org.javassist:javassist:jar:3.29.2-GA:runtime
[INFO] |  |  +- net.bytebuddy:byte-buddy:jar:1.11.12:compile
[INFO] |  |  +- antlr:antlr:jar:2.7.7:compile
[INFO] |  |  +- org.jboss.spec.javax.transaction:jboss-transaction-api_1.2_spec:jar:1.1.1.Final:compile
[INFO] |  |  +- org.jboss:jandex:jar:2.2.3.Final:compile
[INFO] |  |  +- com.fasterxml:classmate:jar:1.5.1:compile
[INFO] |  |  +- javax.activation:javax.activation-api:jar:1.2.0:compile
[INFO] |  |  +- org.hibernate.common:hibernate-commons-annotations:jar:5.1.2.Final:compile
[INFO] |  |  \- org.glassfish.jaxb:jaxb-runtime:jar:2.3.1:compile
[INFO] |  |     +- org.glassfish.jaxb:txw2:jar:2.3.1:compile
[INFO] |  |     +- com.sun.istack:istack-commons-runtime:jar:3.0.7:compile
[INFO] |  |     +- org.jvnet.staxex:stax-ex:jar:1.8:compile
[INFO] |  |     \- com.sun.xml.fastinfoset:FastInfoset:jar:1.2.15:compile
[INFO] |  +- org.hibernate.validator:hibernate-validator:jar:6.2.3.Final:compile
[INFO] |  |  \- jakarta.validation:jakarta.validation-api:jar:2.0.2:compile
[INFO] |  +- org.hibernate:hibernate-jcache:jar:5.5.9.Final:compile
[INFO] |  +- org.hibernate:hibernate-spatial:jar:5.5.9.Final:compile
[INFO] |  |  +- org.geolatte:geolatte-geom:jar:1.8.2:compile
[INFO] |  |  |  \- org.locationtech.jts:jts-core:jar:1.18.2:compile (version selected from constraint [1.18.0,1.19.0))
[INFO] |  |  \- org.postgresql:postgresql:jar:42.2.5:compile
[INFO] |  +- org.springframework:spring-core:jar:5.3.24:compile
[INFO] |  |  \- org.springframework:spring-jcl:jar:5.3.24:compile
[INFO] |  +- org.springframework:spring-orm:jar:5.3.24:compile
[INFO] |  +- org.springframework.data:spring-data-jpa:jar:2.7.6:compile
[INFO] |  +- com.querydsl:querydsl-jpa:jar:5.0.0:compile
[INFO] |  |  \- com.querydsl:querydsl-core:jar:5.0.0:compile
[INFO] |  |     \- com.mysema.commons:mysema-commons-lang:jar:0.2.4:compile
[INFO] |  +- org.springframework:spring-jms:jar:5.3.24:compile
[INFO] |  |  \- org.springframework:spring-messaging:jar:5.3.24:compile
[INFO] |  +- jakarta.jms:jakarta.jms-api:jar:2.0.3:compile
[INFO] |  +- org.nuiton:nuiton-config:jar:3.5:compile
[INFO] |  |  +- org.nuiton:nuiton-converter:jar:1.0:compile
[INFO] |  |  +- org.nuiton:nuiton-version:jar:1.0-rc-2:compile
[INFO] |  |  +- commons-logging:commons-logging:jar:1.2:compile
[INFO] |  |  +- org.apache.commons:commons-collections4:jar:4.2:compile
[INFO] |  |  \- commons-beanutils:commons-beanutils:jar:1.9.4:compile
[INFO] |  |     \- commons-collections:commons-collections:jar:3.2.2:compile
[INFO] |  +- org.nuiton.i18n:nuiton-i18n:jar:4.0:compile
[INFO] |  +- org.nuiton:nuiton-utils:jar:3.0:compile
[INFO] |  |  \- commons-primitives:commons-primitives:jar:1.0:compile
[INFO] |  +- org.springframework.boot:spring-boot-starter:jar:2.7.4:compile
[INFO] |  |  +- org.springframework.boot:spring-boot:jar:2.7.4:compile
[INFO] |  |  +- org.springframework.boot:spring-boot-autoconfigure:jar:2.7.4:compile
[INFO] |  |  +- org.springframework.boot:spring-boot-starter-logging:jar:2.7.4:compile
[INFO] |  |  |  +- ch.qos.logback:logback-classic:jar:1.2.5:compile
[INFO] |  |  |  |  \- ch.qos.logback:logback-core:jar:1.2.5:compile
[INFO] |  |  |  +- org.apache.logging.log4j:log4j-to-slf4j:jar:2.15.0:compile
[INFO] |  |  |  |  \- org.apache.logging.log4j:log4j-api:jar:2.15.0:compile
[INFO] |  |  |  \- org.slf4j:jul-to-slf4j:jar:1.7.36:compile
[INFO] |  |  +- jakarta.annotation:jakarta.annotation-api:jar:1.3.5:compile
[INFO] |  |  \- org.yaml:snakeyaml:jar:1.30:compile
[INFO] |  +- org.springframework.boot:spring-boot-starter-data-jpa:jar:2.7.4:compile
[INFO] |  |  +- org.springframework.boot:spring-boot-starter-aop:jar:2.7.4:compile
[INFO] |  |  +- org.springframework.boot:spring-boot-starter-jdbc:jar:2.7.4:compile
[INFO] |  |  |  \- com.zaxxer:HikariCP:jar:4.0.3:compile
[INFO] |  |  +- jakarta.transaction:jakarta.transaction-api:jar:1.3.3:compile
[INFO] |  |  +- jakarta.persistence:jakarta.persistence-api:jar:2.2.3:compile
[INFO] |  |  \- org.springframework:spring-aspects:jar:5.3.23:compile
[INFO] |  \- org.springframework.boot:spring-boot-starter-cache:jar:2.7.4:compile
[INFO] +- net.sumaris:sumaris-core-shared:jar:1.32.1-SNAPSHOT:compile
[INFO] |  +- io.leangen.graphql:spqr:jar:0.12.0:compile
[INFO] |  |  +- net.dongliu:gson-java8-datatype:jar:1.1.0:compile
[INFO] |  |  +- com.fasterxml.jackson.module:jackson-module-parameter-names:jar:2.14.1:compile
[INFO] |  |  +- com.fasterxml.jackson.datatype:jackson-datatype-jdk8:jar:2.14.1:compile
[INFO] |  |  +- com.fasterxml.jackson.datatype:jackson-datatype-jsr310:jar:2.14.1:compile
[INFO] |  |  +- io.leangen.geantyref:geantyref:jar:1.3.13:compile
[INFO] |  |  +- com.graphql-java:graphql-java:jar:19.3:compile
[INFO] |  |  |  \- com.graphql-java:java-dataloader:jar:3.2.0:compile
[INFO] |  |  +- com.graphql-java:graphql-java-extended-scalars:jar:19.1:compile
[INFO] |  |  \- io.github.classgraph:classgraph:jar:4.8.151:compile
[INFO] |  +- com.fasterxml.jackson.dataformat:jackson-dataformat-xml:jar:2.14.1:compile
[INFO] |  |  +- org.codehaus.woodstox:stax2-api:jar:4.2.1:compile
[INFO] |  |  \- com.fasterxml.woodstox:woodstox-core:jar:6.4.0:compile
[INFO] |  +- org.springframework:spring-beans:jar:5.3.24:compile
[INFO] |  +- org.springframework:spring-context:jar:5.3.24:compile
[INFO] |  +- org.springframework:spring-context-support:jar:5.3.24:compile
[INFO] |  +- org.springframework:spring-tx:jar:5.3.24:compile
[INFO] |  +- org.springframework:spring-jdbc:jar:5.3.24:compile
[INFO] |  +- org.springframework.data:spring-data-commons:jar:2.7.6:compile
[INFO] |  +- org.aspectj:aspectjweaver:jar:1.9.9.1:runtime
[INFO] |  +- javax.annotation:javax.annotation-api:jar:1.3.2:compile
[INFO] |  +- org.ehcache:ehcache:jar:3.8.1:compile
[INFO] |  +- javax.cache:cache-api:jar:1.1.1:compile
[INFO] |  +- org.reflections:reflections:jar:0.9.12:compile
[INFO] |  +- org.dom4j:dom4j:jar:2.1.3:compile
[INFO] |  +- org.abstractj.kalium:kalium:jar:0.8.2:compile
[INFO] |  +- com.lambdaworks:scrypt:jar:1.4.0:compile
[INFO] |  +- com.github.jnr:jnr-ffi:jar:2.2.2:compile
[INFO] |  |  +- com.github.jnr:jffi:jar:1.3.1:compile
[INFO] |  |  +- com.github.jnr:jffi:jar:native:1.3.1:runtime
[INFO] |  |  +- org.ow2.asm:asm:jar:9.1:compile
[INFO] |  |  +- org.ow2.asm:asm-commons:jar:9.1:compile
[INFO] |  |  +- org.ow2.asm:asm-analysis:jar:9.1:compile
[INFO] |  |  +- org.ow2.asm:asm-tree:jar:9.1:compile
[INFO] |  |  +- org.ow2.asm:asm-util:jar:9.1:compile
[INFO] |  |  +- com.github.jnr:jnr-a64asm:jar:1.0.0:compile
[INFO] |  |  \- com.github.jnr:jnr-x86asm:jar:1.0.2:compile
[INFO] |  +- io.reactivex.rxjava3:rxjava:jar:3.1.5:compile
[INFO] |  |  \- org.reactivestreams:reactive-streams:jar:1.0.4:compile
[INFO] |  +- org.liquibase:liquibase-core:jar:4.12.0:compile
[INFO] |  |  \- com.opencsv:opencsv:jar:5.6:compile
[INFO] |  |     \- org.apache.commons:commons-text:jar:1.9:compile
[INFO] |  +- org.liquibase.ext:liquibase-hibernate5:jar:4.12.0:compile
[INFO] |  +- org.apache.activemq:activemq-broker:jar:5.16.2:compile
[INFO] |  |  +- org.apache.activemq:activemq-client:jar:5.16.2:compile
[INFO] |  |  |  +- org.fusesource.hawtbuf:hawtbuf:jar:1.11:compile
[INFO] |  |  |  \- org.apache.geronimo.specs:geronimo-j2ee-management_1.1_spec:jar:1.0.1:compile
[INFO] |  |  \- org.apache.activemq:activemq-openwire-legacy:jar:5.16.2:compile
[INFO] |  +- org.slf4j:slf4j-api:jar:1.7.32:compile
[INFO] |  +- org.slf4j:jcl-over-slf4j:jar:1.7.32:compile
[INFO] |  \- org.fusesource.jansi:jansi:jar:2.3.4:compile
[INFO] +- org.springframework.boot:spring-boot-starter-actuator:jar:2.7.4:compile
[INFO] |  +- org.springframework.boot:spring-boot-actuator-autoconfigure:jar:2.7.4:compile
[INFO] |  |  \- org.springframework.boot:spring-boot-actuator:jar:2.7.4:compile
[INFO] |  \- io.micrometer:micrometer-core:jar:1.9.4:compile
[INFO] |     +- org.hdrhistogram:HdrHistogram:jar:2.1.12:compile
[INFO] |     \- org.latencyutils:LatencyUtils:jar:2.0.3:runtime
[INFO] +- javax.servlet:javax.servlet-api:jar:4.0.1:provided
[INFO] +- org.springframework:spring-web:jar:5.3.24:compile
[INFO] +- org.springframework:spring-webmvc:jar:5.3.24:compile
[INFO] |  +- org.springframework:spring-aop:jar:5.3.24:compile
[INFO] |  \- org.springframework:spring-expression:jar:5.3.24:compile
[INFO] +- org.projectlombok:lombok:jar:1.18.22:compile
[INFO] +- org.apache.jena:jena-core:jar:3.17.0:compile
[INFO] |  +- org.apache.jena:jena-base:jar:3.17.0:compile
[INFO] |  |  +- org.apache.jena:jena-shaded-guava:jar:3.17.0:compile
[INFO] |  |  +- org.apache.commons:commons-csv:jar:1.8:compile
[INFO] |  |  +- commons-codec:commons-codec:jar:1.15:compile
[INFO] |  |  +- org.apache.commons:commons-compress:jar:1.20:compile
[INFO] |  |  \- com.github.andrewoma.dexx:collection:jar:0.7:compile
[INFO] |  +- org.apache.jena:jena-iri:jar:3.17.0:compile
[INFO] |  \- commons-cli:commons-cli:jar:1.4:compile
[INFO] +- org.apache.jena:jena-shacl:jar:3.17.0:compile
[INFO] +- org.apache.jena:jena-arq:jar:3.17.0:compile
[INFO] |  +- org.apache.httpcomponents:httpclient:jar:4.5.1:compile
[INFO] |  |  \- org.apache.httpcomponents:httpcore:jar:4.4.3:compile
[INFO] |  +- com.github.jsonld-java:jsonld-java:jar:0.13.2:compile
[INFO] |  +- com.fasterxml.jackson.core:jackson-core:jar:2.14.1:compile
[INFO] |  +- org.apache.httpcomponents:httpclient-cache:jar:4.5.13:compile
[INFO] |  +- org.apache.thrift:libthrift:jar:0.13.0:compile
[INFO] |  \- org.apache.commons:commons-lang3:jar:3.4:compile
[INFO] +- org.apache.jena:jena-tdb2:jar:3.17.0:compile
[INFO] |  \- org.apache.jena:jena-dboe-storage:jar:3.17.0:compile
[INFO] |     \- org.apache.jena:jena-dboe-trans-data:jar:3.17.0:compile
[INFO] |        +- org.apache.jena:jena-dboe-transaction:jar:3.17.0:compile
[INFO] |        |  \- org.apache.jena:jena-dboe-base:jar:3.17.0:compile
[INFO] |        \- org.apache.jena:jena-dboe-index:jar:3.17.0:compile
[INFO] +- org.apache.jena:jena-fuseki-core:jar:3.17.0:compile
[INFO] |  +- org.apache.jena:apache-jena-libs:pom:3.17.0:compile
[INFO] |  |  +- org.apache.jena:jena-tdb:jar:3.17.0:compile
[INFO] |  |  \- org.apache.jena:jena-rdfconnection:jar:3.17.0:compile
[INFO] |  +- commons-fileupload:commons-fileupload:jar:1.4:compile
[INFO] |  +- org.eclipse.jetty:jetty-servlet:jar:9.4.34.v20201102:compile
[INFO] |  |  \- org.eclipse.jetty:jetty-security:jar:9.4.34.v20201102:compile
[INFO] |  |     \- org.eclipse.jetty:jetty-server:jar:9.4.34.v20201102:compile
[INFO] |  \- org.eclipse.jetty:jetty-servlets:jar:9.4.34.v20201102:compile
[INFO] |     +- org.eclipse.jetty:jetty-continuation:jar:9.4.34.v20201102:compile
[INFO] |     +- org.eclipse.jetty:jetty-http:jar:9.4.34.v20201102:compile
[INFO] |     +- org.eclipse.jetty:jetty-util:jar:9.4.34.v20201102:compile
[INFO] |     \- org.eclipse.jetty:jetty-io:jar:9.4.34.v20201102:compile
[INFO] +- net.sourceforge.owlapi:owlapi-distribution:jar:5.1.16:compile
[INFO] |  +- net.sourceforge.owlapi:owlapi-compatibility:jar:5.1.16:compile
[INFO] |  |  \- net.sourceforge.owlapi:owlapi-apibinding:jar:5.1.16:compile
[INFO] |  |     +- net.sourceforge.owlapi:owlapi-api:jar:5.1.16:compile
[INFO] |  |     |  \- javax.inject:javax.inject:jar:1:compile
[INFO] |  |     +- net.sourceforge.owlapi:owlapi-impl:jar:5.1.16:compile
[INFO] |  |     +- net.sourceforge.owlapi:owlapi-parsers:jar:5.1.16:compile
[INFO] |  |     +- net.sourceforge.owlapi:owlapi-oboformat:jar:5.1.16:compile
[INFO] |  |     +- net.sourceforge.owlapi:owlapi-tools:jar:5.1.16:compile
[INFO] |  |     \- net.sourceforge.owlapi:owlapi-rio:jar:5.1.16:compile
[INFO] |  +- com.fasterxml.jackson.core:jackson-annotations:jar:2.14.1:compile
[INFO] |  +- org.apache.commons:commons-rdf-api:jar:0.5.0:compile
[INFO] |  +- org.tukaani:xz:jar:1.6:compile
[INFO] |  +- org.eclipse.rdf4j:rdf4j-model:jar:2.4.2:compile
[INFO] |  +- org.eclipse.rdf4j:rdf4j-rio-api:jar:2.4.2:compile
[INFO] |  +- org.eclipse.rdf4j:rdf4j-rio-languages:jar:2.4.2:compile
[INFO] |  +- org.eclipse.rdf4j:rdf4j-rio-datatypes:jar:2.4.2:compile
[INFO] |  +- org.eclipse.rdf4j:rdf4j-rio-binary:jar:2.4.2:compile
[INFO] |  +- org.eclipse.rdf4j:rdf4j-rio-n3:jar:2.4.2:compile
[INFO] |  +- org.eclipse.rdf4j:rdf4j-rio-nquads:jar:2.4.2:compile
[INFO] |  +- org.eclipse.rdf4j:rdf4j-rio-ntriples:jar:2.4.2:compile
[INFO] |  +- org.eclipse.rdf4j:rdf4j-rio-rdfjson:jar:2.4.2:compile
[INFO] |  +- org.eclipse.rdf4j:rdf4j-rio-jsonld:jar:2.4.2:compile
[INFO] |  +- org.eclipse.rdf4j:rdf4j-rio-rdfxml:jar:2.4.2:compile
[INFO] |  +- org.eclipse.rdf4j:rdf4j-rio-trix:jar:2.4.2:compile
[INFO] |  +- org.eclipse.rdf4j:rdf4j-rio-turtle:jar:2.4.2:compile
[INFO] |  +- org.eclipse.rdf4j:rdf4j-rio-trig:jar:2.4.2:compile
[INFO] |  +- org.eclipse.rdf4j:rdf4j-util:jar:2.4.2:compile
[INFO] |  +- com.github.vsonnier:hppcrt:jar:0.7.5:compile
[INFO] |  +- com.github.ben-manes.caffeine:caffeine:jar:2.6.1:compile
[INFO] |  +- com.google.guava:guava:jar:30.1.1-jre:compile
[INFO] |  |  +- com.google.guava:failureaccess:jar:1.0.1:compile
[INFO] |  |  +- com.google.guava:listenablefuture:jar:9999.0-empty-to-avoid-conflict-with-guava:compile
[INFO] |  |  +- org.checkerframework:checker-qual:jar:3.8.0:compile
[INFO] |  |  +- com.google.errorprone:error_prone_annotations:jar:2.5.1:compile
[INFO] |  |  \- com.google.j2objc:j2objc-annotations:jar:1.3:compile
[INFO] |  +- com.google.code.findbugs:jsr305:jar:3.0.2:compile (version selected from constraint [2.0.0,4))
[INFO] |  \- commons-io:commons-io:jar:2.6:compile
[INFO] +- com.github.VisualDataWeb:OWL2VOWL:jar:0.3.5:compile
[INFO] |  \- org.codehaus.jackson:jackson-mapper-asl:jar:1.9.13:compile
[INFO] |     \- org.codehaus.jackson:jackson-core-asl:jar:1.9.13:compile
[INFO] +- net.sumaris:sumaris-test-shared:jar:1.32.1-SNAPSHOT:test
[INFO] |  +- javax.xml.bind:jaxb-api:jar:2.3.1:compile
[INFO] |  +- org.jmock:jmock:jar:2.12.0:test
[INFO] |  |  +- org.jmock:jmock-testjar:jar:2.12.0:test
[INFO] |  |  |  \- com.google.code.findbugs:annotations:jar:3.0.1:test
[INFO] |  |  |     \- net.jcip:jcip-annotations:jar:1.0:test
[INFO] |  |  +- org.hamcrest:hamcrest-library:jar:2.1:test
[INFO] |  |  \- org.apache-extras.beanshell:bsh:jar:2.0b6:test
[INFO] |  +- org.jmock:jmock-junit4:jar:2.12.0:test
[INFO] |  |  +- org.jmock:jmock-legacy:jar:2.12.0:test
[INFO] |  |  |  \- cglib:cglib:jar:3.3.0:runtime
[INFO] |  |  \- org.jmock:jmock-imposters:jar:2.12.0:test
[INFO] |  +- org.springframework:spring-test:jar:5.3.24:test
[INFO] |  \- org.springframework.boot:spring-boot-test:jar:2.7.4:test
[INFO] +- junit:junit:jar:4.13.1:test
[INFO] |  \- org.hamcrest:hamcrest-core:jar:1.3:test
[INFO] +- org.dbunit:dbunit:jar:2.7.2:test
[INFO] +- org.springframework.boot:spring-boot-starter-test:jar:2.7.4:test
[INFO] |  +- org.springframework.boot:spring-boot-test-autoconfigure:jar:2.7.4:test
[INFO] |  +- com.jayway.jsonpath:json-path:jar:2.7.0:test
[INFO] |  |  \- net.minidev:json-smart:jar:2.4.7:test
[INFO] |  |     \- net.minidev:accessors-smart:jar:2.4.7:test
[INFO] |  +- jakarta.xml.bind:jakarta.xml.bind-api:jar:2.3.3:test
[INFO] |  |  \- jakarta.activation:jakarta.activation-api:jar:1.2.2:test
[INFO] |  +- org.assertj:assertj-core:jar:3.22.0:test
[INFO] |  +- org.hamcrest:hamcrest:jar:2.2:test
[INFO] |  +- org.mockito:mockito-core:jar:4.5.1:test
[INFO] |  |  +- net.bytebuddy:byte-buddy-agent:jar:1.12.9:test
[INFO] |  |  \- org.objenesis:objenesis:jar:3.2:test
[INFO] |  +- org.skyscreamer:jsonassert:jar:1.5.1:test
[INFO] |  |  \- com.vaadin.external.google:android-json:jar:0.0.20131108.vaadin1:test
[INFO] |  \- org.xmlunit:xmlunit-core:jar:2.9.0:test
[INFO] +- com.mattbertolini:liquibase-slf4j:jar:4.0.0:test
[INFO] +- com.fasterxml.jackson.core:jackson-databind:jar:2.14.1:test
[INFO] \- org.hsqldb:hsqldb:jar:2.4.1:compile
[INFO] 
[INFO] ---------------------< net.sumaris:sumaris-server >---------------------
[INFO] Building SUMARiS:: Server 1.32.1-SNAPSHOT                          [8/8]
[INFO] --------------------------------[ war ]---------------------------------
[INFO] 
[INFO] --- maven-dependency-plugin:2.8:tree (default-cli) @ sumaris-server ---
[INFO] net.sumaris:sumaris-server:war:1.32.1-SNAPSHOT
[INFO] +- net.sumaris:sumaris-core:jar:1.32.1-SNAPSHOT:compile
[INFO] |  +- net.sumaris:sumaris-core-shared:jar:1.32.1-SNAPSHOT:compile
[INFO] |  |  +- com.fasterxml.jackson.dataformat:jackson-dataformat-xml:jar:2.14.1:compile
[INFO] |  |  |  +- org.codehaus.woodstox:stax2-api:jar:4.2.1:compile
[INFO] |  |  |  \- com.fasterxml.woodstox:woodstox-core:jar:6.4.0:compile
[INFO] |  |  +- org.springframework:spring-context-support:jar:5.3.24:compile
[INFO] |  |  +- org.springframework.data:spring-data-commons:jar:2.7.6:compile
[INFO] |  |  +- org.aspectj:aspectjweaver:jar:1.9.9.1:runtime
[INFO] |  |  +- javax.annotation:javax.annotation-api:jar:1.3.2:compile
[INFO] |  |  +- org.ehcache:ehcache:jar:3.8.1:compile
[INFO] |  |  +- javax.cache:cache-api:jar:1.1.1:compile
[INFO] |  |  +- org.abstractj.kalium:kalium:jar:0.8.2:compile
[INFO] |  |  +- com.lambdaworks:scrypt:jar:1.4.0:compile
[INFO] |  |  +- com.github.jnr:jnr-ffi:jar:2.2.2:compile
[INFO] |  |  |  +- com.github.jnr:jffi:jar:1.3.1:compile
[INFO] |  |  |  +- com.github.jnr:jffi:jar:native:1.3.1:runtime
[INFO] |  |  |  +- org.ow2.asm:asm-commons:jar:9.1:compile
[INFO] |  |  |  +- org.ow2.asm:asm-analysis:jar:9.1:compile
[INFO] |  |  |  +- org.ow2.asm:asm-tree:jar:9.1:compile
[INFO] |  |  |  +- org.ow2.asm:asm-util:jar:9.1:compile
[INFO] |  |  |  +- com.github.jnr:jnr-a64asm:jar:1.0.0:compile
[INFO] |  |  |  \- com.github.jnr:jnr-x86asm:jar:1.0.2:compile
[INFO] |  |  +- io.reactivex.rxjava3:rxjava:jar:3.1.5:compile
[INFO] |  |  +- org.liquibase:liquibase-core:jar:4.12.0:compile
[INFO] |  |  |  \- com.opencsv:opencsv:jar:5.6:compile
[INFO] |  |  +- org.liquibase.ext:liquibase-hibernate5:jar:4.12.0:compile
[INFO] |  |  +- com.mattbertolini:liquibase-slf4j:jar:4.0.0:compile
[INFO] |  |  +- org.slf4j:jcl-over-slf4j:jar:1.7.32:compile
[INFO] |  |  \- org.fusesource.jansi:jansi:jar:2.3.4:compile
[INFO] |  +- org.hibernate:hibernate-core:jar:5.5.9.Final:compile
[INFO] |  |  +- org.jboss.logging:jboss-logging:jar:3.4.2.Final:compile
[INFO] |  |  +- javax.persistence:javax.persistence-api:jar:2.2:compile
[INFO] |  |  +- org.javassist:javassist:jar:3.29.2-GA:runtime
[INFO] |  |  +- net.bytebuddy:byte-buddy:jar:1.11.12:compile
[INFO] |  |  +- antlr:antlr:jar:2.7.7:compile
[INFO] |  |  +- org.jboss.spec.javax.transaction:jboss-transaction-api_1.2_spec:jar:1.1.1.Final:compile
[INFO] |  |  +- org.jboss:jandex:jar:2.2.3.Final:compile
[INFO] |  |  +- javax.activation:javax.activation-api:jar:1.2.0:compile
[INFO] |  |  +- org.hibernate.common:hibernate-commons-annotations:jar:5.1.2.Final:compile
[INFO] |  |  \- org.glassfish.jaxb:jaxb-runtime:jar:2.3.1:compile
[INFO] |  |     +- org.glassfish.jaxb:txw2:jar:2.3.1:compile
[INFO] |  |     +- com.sun.istack:istack-commons-runtime:jar:3.0.7:compile
[INFO] |  |     +- org.jvnet.staxex:stax-ex:jar:1.8:compile
[INFO] |  |     \- com.sun.xml.fastinfoset:FastInfoset:jar:1.2.15:compile
[INFO] |  +- org.hibernate.validator:hibernate-validator:jar:6.2.3.Final:compile
[INFO] |  |  \- jakarta.validation:jakarta.validation-api:jar:2.0.2:compile
[INFO] |  +- org.hibernate:hibernate-jcache:jar:5.5.9.Final:compile
[INFO] |  +- org.hibernate:hibernate-spatial:jar:5.5.9.Final:compile
[INFO] |  |  \- org.geolatte:geolatte-geom:jar:1.8.2:compile
[INFO] |  |     \- org.locationtech.jts:jts-core:jar:1.18.2:compile (version selected from constraint [1.18.0,1.19.0))
[INFO] |  +- org.springframework:spring-core:jar:5.3.24:compile
[INFO] |  |  \- org.springframework:spring-jcl:jar:5.3.24:compile
[INFO] |  +- org.springframework:spring-orm:jar:5.3.24:compile
[INFO] |  +- org.springframework.data:spring-data-jpa:jar:2.7.6:compile
[INFO] |  +- com.querydsl:querydsl-jpa:jar:5.0.0:compile
[INFO] |  |  \- com.querydsl:querydsl-core:jar:5.0.0:compile
[INFO] |  |     \- com.mysema.commons:mysema-commons-lang:jar:0.2.4:compile
[INFO] |  +- org.apache.activemq:activemq-broker:jar:5.16.2:compile
[INFO] |  |  +- org.apache.activemq:activemq-client:jar:5.16.2:compile
[INFO] |  |  |  \- org.fusesource.hawtbuf:hawtbuf:jar:1.11:compile
[INFO] |  |  \- org.apache.activemq:activemq-openwire-legacy:jar:5.16.2:compile
[INFO] |  +- jakarta.jms:jakarta.jms-api:jar:2.0.3:compile
[INFO] |  +- org.nuiton:nuiton-config:jar:3.5:compile
[INFO] |  |  \- org.nuiton:nuiton-version:jar:1.0-rc-2:compile
[INFO] |  +- org.nuiton:nuiton-utils:jar:3.0:compile
[INFO] |  |  \- commons-primitives:commons-primitives:jar:1.0:compile
[INFO] |  +- org.springframework.boot:spring-boot-starter:jar:2.7.4:compile
[INFO] |  |  +- org.springframework.boot:spring-boot:jar:2.7.4:compile
[INFO] |  |  +- org.springframework.boot:spring-boot-autoconfigure:jar:2.7.4:compile
[INFO] |  |  +- org.springframework.boot:spring-boot-starter-logging:jar:2.7.4:compile
[INFO] |  |  |  +- org.apache.logging.log4j:log4j-to-slf4j:jar:2.15.0:compile
[INFO] |  |  |  |  \- org.apache.logging.log4j:log4j-api:jar:2.15.0:compile
[INFO] |  |  |  \- org.slf4j:jul-to-slf4j:jar:1.7.36:compile
[INFO] |  |  \- org.yaml:snakeyaml:jar:1.30:compile
[INFO] |  \- org.springframework.boot:spring-boot-starter-cache:jar:2.7.4:compile
[INFO] +- net.sumaris:sumaris-extraction:jar:1.32.1-SNAPSHOT:compile
[INFO] |  +- org.springframework:spring-webmvc:jar:5.3.24:compile
[INFO] |  |  \- org.springframework:spring-expression:jar:5.3.24:compile
[INFO] |  +- fr.ifremer.common:xmlquery:jar:1.8:compile
[INFO] |  +- org.jdom:jdom2:jar:2.0.6:compile
[INFO] |  +- jaxen:jaxen:jar:1.2.0:compile
[INFO] |  +- net.sf.opencsv:opencsv:jar:2.4.3:compile
[INFO] |  \- org.gdal:gdal:jar:3.0.0:compile
[INFO] +- net.sumaris:sumaris-importation:jar:1.32.1-SNAPSHOT:compile
[INFO] +- net.sumaris:sumaris-rdf:jar:1.32.1-SNAPSHOT:compile
[INFO] |  +- org.apache.jena:jena-core:jar:3.17.0:compile
[INFO] |  |  +- org.apache.jena:jena-base:jar:3.17.0:compile
[INFO] |  |  |  +- org.apache.jena:jena-shaded-guava:jar:3.17.0:compile
[INFO] |  |  |  +- org.apache.commons:commons-csv:jar:1.8:compile
[INFO] |  |  |  +- commons-codec:commons-codec:jar:1.15:compile
[INFO] |  |  |  +- org.apache.commons:commons-compress:jar:1.20:compile
[INFO] |  |  |  \- com.github.andrewoma.dexx:collection:jar:0.7:compile
[INFO] |  |  +- org.apache.jena:jena-iri:jar:3.17.0:compile
[INFO] |  |  \- commons-cli:commons-cli:jar:1.4:compile
[INFO] |  +- org.apache.jena:jena-shacl:jar:3.17.0:compile
[INFO] |  +- org.apache.jena:jena-arq:jar:3.17.0:compile
[INFO] |  |  +- org.apache.httpcomponents:httpclient:jar:4.5.1:compile
[INFO] |  |  |  \- org.apache.httpcomponents:httpcore:jar:4.4.3:compile
[INFO] |  |  +- com.github.jsonld-java:jsonld-java:jar:0.13.2:compile
[INFO] |  |  +- org.apache.httpcomponents:httpclient-cache:jar:4.5.13:compile
[INFO] |  |  \- org.apache.thrift:libthrift:jar:0.13.0:compile
[INFO] |  +- org.apache.jena:jena-tdb2:jar:3.17.0:compile
[INFO] |  |  \- org.apache.jena:jena-dboe-storage:jar:3.17.0:compile
[INFO] |  |     \- org.apache.jena:jena-dboe-trans-data:jar:3.17.0:compile
[INFO] |  |        +- org.apache.jena:jena-dboe-transaction:jar:3.17.0:compile
[INFO] |  |        |  \- org.apache.jena:jena-dboe-base:jar:3.17.0:compile
[INFO] |  |        \- org.apache.jena:jena-dboe-index:jar:3.17.0:compile
[INFO] |  +- org.apache.jena:jena-fuseki-core:jar:3.17.0:compile
[INFO] |  |  +- org.apache.jena:apache-jena-libs:pom:3.17.0:compile
[INFO] |  |  |  +- org.apache.jena:jena-tdb:jar:3.17.0:compile
[INFO] |  |  |  \- org.apache.jena:jena-rdfconnection:jar:3.17.0:compile
[INFO] |  |  +- commons-fileupload:commons-fileupload:jar:1.4:compile
[INFO] |  |  +- org.eclipse.jetty:jetty-servlet:jar:9.4.34.v20201102:compile
[INFO] |  |  |  \- org.eclipse.jetty:jetty-security:jar:9.4.34.v20201102:compile
[INFO] |  |  |     \- org.eclipse.jetty:jetty-server:jar:9.4.34.v20201102:compile
[INFO] |  |  \- org.eclipse.jetty:jetty-servlets:jar:9.4.34.v20201102:compile
[INFO] |  |     +- org.eclipse.jetty:jetty-continuation:jar:9.4.34.v20201102:compile
[INFO] |  |     +- org.eclipse.jetty:jetty-http:jar:9.4.34.v20201102:compile
[INFO] |  |     +- org.eclipse.jetty:jetty-util:jar:9.4.34.v20201102:compile
[INFO] |  |     \- org.eclipse.jetty:jetty-io:jar:9.4.34.v20201102:compile
[INFO] |  +- net.sourceforge.owlapi:owlapi-distribution:jar:5.1.16:compile
[INFO] |  |  +- net.sourceforge.owlapi:owlapi-compatibility:jar:5.1.16:compile
[INFO] |  |  |  \- net.sourceforge.owlapi:owlapi-apibinding:jar:5.1.16:compile
[INFO] |  |  |     +- net.sourceforge.owlapi:owlapi-api:jar:5.1.16:compile
[INFO] |  |  |     |  \- javax.inject:javax.inject:jar:1:compile
[INFO] |  |  |     +- net.sourceforge.owlapi:owlapi-impl:jar:5.1.16:compile
[INFO] |  |  |     +- net.sourceforge.owlapi:owlapi-parsers:jar:5.1.16:compile
[INFO] |  |  |     +- net.sourceforge.owlapi:owlapi-oboformat:jar:5.1.16:compile
[INFO] |  |  |     +- net.sourceforge.owlapi:owlapi-tools:jar:5.1.16:compile
[INFO] |  |  |     \- net.sourceforge.owlapi:owlapi-rio:jar:5.1.16:compile
[INFO] |  |  +- org.apache.commons:commons-rdf-api:jar:0.5.0:compile
[INFO] |  |  +- org.tukaani:xz:jar:1.6:compile
[INFO] |  |  +- org.eclipse.rdf4j:rdf4j-model:jar:2.4.2:compile
[INFO] |  |  +- org.eclipse.rdf4j:rdf4j-rio-api:jar:2.4.2:compile
[INFO] |  |  +- org.eclipse.rdf4j:rdf4j-rio-languages:jar:2.4.2:compile
[INFO] |  |  +- org.eclipse.rdf4j:rdf4j-rio-datatypes:jar:2.4.2:compile
[INFO] |  |  +- org.eclipse.rdf4j:rdf4j-rio-binary:jar:2.4.2:compile
[INFO] |  |  +- org.eclipse.rdf4j:rdf4j-rio-n3:jar:2.4.2:compile
[INFO] |  |  +- org.eclipse.rdf4j:rdf4j-rio-nquads:jar:2.4.2:compile
[INFO] |  |  +- org.eclipse.rdf4j:rdf4j-rio-ntriples:jar:2.4.2:compile
[INFO] |  |  +- org.eclipse.rdf4j:rdf4j-rio-rdfjson:jar:2.4.2:compile
[INFO] |  |  +- org.eclipse.rdf4j:rdf4j-rio-jsonld:jar:2.4.2:compile
[INFO] |  |  +- org.eclipse.rdf4j:rdf4j-rio-rdfxml:jar:2.4.2:compile
[INFO] |  |  +- org.eclipse.rdf4j:rdf4j-rio-trix:jar:2.4.2:compile
[INFO] |  |  +- org.eclipse.rdf4j:rdf4j-rio-turtle:jar:2.4.2:compile
[INFO] |  |  +- org.eclipse.rdf4j:rdf4j-rio-trig:jar:2.4.2:compile
[INFO] |  |  +- org.eclipse.rdf4j:rdf4j-util:jar:2.4.2:compile
[INFO] |  |  +- com.github.vsonnier:hppcrt:jar:0.7.5:compile
[INFO] |  |  +- com.github.ben-manes.caffeine:caffeine:jar:2.6.1:compile
[INFO] |  |  \- com.google.code.findbugs:jsr305:jar:3.0.2:compile (version selected from constraint [2.0.0,4))
[INFO] |  \- com.github.VisualDataWeb:OWL2VOWL:jar:0.3.5:compile
[INFO] |     \- org.codehaus.jackson:jackson-mapper-asl:jar:1.9.13:compile
[INFO] |        \- org.codehaus.jackson:jackson-core-asl:jar:1.9.13:compile
[INFO] +- org.springframework.boot:spring-boot-starter-jdbc:jar:2.7.4:compile
[INFO] |  +- com.zaxxer:HikariCP:jar:4.0.3:compile
[INFO] |  \- org.springframework:spring-jdbc:jar:5.3.24:compile
[INFO] +- org.springframework.boot:spring-boot-starter-data-jpa:jar:2.7.4:compile
[INFO] |  +- org.springframework.boot:spring-boot-starter-aop:jar:2.7.4:compile
[INFO] |  +- jakarta.transaction:jakarta.transaction-api:jar:1.3.3:compile
[INFO] |  +- jakarta.persistence:jakarta.persistence-api:jar:2.2.3:compile
[INFO] |  \- org.springframework:spring-aspects:jar:5.3.23:compile
[INFO] +- org.springframework.boot:spring-boot-starter-web:jar:2.7.4:compile
[INFO] |  \- org.springframework.boot:spring-boot-starter-json:jar:2.7.4:compile
[INFO] +- org.springframework.boot:spring-boot-starter-tomcat:jar:2.7.4:provided
[INFO] |  +- jakarta.annotation:jakarta.annotation-api:jar:1.3.5:compile
[INFO] |  +- org.apache.tomcat.embed:tomcat-embed-core:jar:9.0.65:provided
[INFO] |  +- org.apache.tomcat.embed:tomcat-embed-el:jar:9.0.65:provided
[INFO] |  \- org.apache.tomcat.embed:tomcat-embed-websocket:jar:9.0.65:provided
[INFO] +- it.ozimov:spring-boot-email-core:jar:0.6.3:compile
[INFO] |  +- org.springframework.boot:spring-boot-starter-mail:jar:1.5.3.RELEASE:compile
[INFO] |  |  \- com.sun.mail:javax.mail:jar:1.5.6:compile
[INFO] |  |     \- javax.activation:activation:jar:1.1:compile
[INFO] |  +- org.apache.tika:tika-core:jar:1.14:compile
[INFO] |  +- org.hibernate:hibernate-validator:jar:5.3.3.Final:compile
[INFO] |  |  \- javax.validation:validation-api:jar:2.0.1.Final:compile
[INFO] |  +- org.owasp.encoder:encoder:jar:1.2.1:compile
[INFO] |  \- com.google.guava:guava:jar:30.1.1-jre:compile
[INFO] |     +- com.google.guava:failureaccess:jar:1.0.1:compile
[INFO] |     +- com.google.guava:listenablefuture:jar:9999.0-empty-to-avoid-conflict-with-guava:compile
[INFO] |     +- org.checkerframework:checker-qual:jar:3.8.0:compile
[INFO] |     +- com.google.errorprone:error_prone_annotations:jar:2.5.1:compile
[INFO] |     \- com.google.j2objc:j2objc-annotations:jar:1.3:compile
[INFO] +- org.springframework.boot:spring-boot-starter-websocket:jar:2.7.4:compile
[INFO] |  +- org.springframework:spring-messaging:jar:5.3.23:compile
[INFO] |  \- org.springframework:spring-websocket:jar:5.3.23:compile
[INFO] +- org.springframework:spring-web:jar:5.3.24:compile
[INFO] |  \- org.springframework:spring-beans:jar:5.3.24:compile
[INFO] +- org.springframework.boot:spring-boot-starter-actuator:jar:2.7.4:compile
[INFO] |  +- org.springframework.boot:spring-boot-actuator-autoconfigure:jar:2.7.4:compile
[INFO] |  |  \- org.springframework.boot:spring-boot-actuator:jar:2.7.4:compile
[INFO] |  \- io.micrometer:micrometer-core:jar:1.9.4:compile
[INFO] |     +- org.hdrhistogram:HdrHistogram:jar:2.1.12:compile
[INFO] |     \- org.latencyutils:LatencyUtils:jar:2.0.3:runtime
[INFO] +- io.micrometer:micrometer-registry-prometheus:jar:1.10.2:compile
[INFO] |  \- io.prometheus:simpleclient_common:jar:0.16.0:compile
[INFO] |     \- io.prometheus:simpleclient:jar:0.16.0:compile
[INFO] |        +- io.prometheus:simpleclient_tracer_otel:jar:0.16.0:compile
[INFO] |        |  \- io.prometheus:simpleclient_tracer_common:jar:0.16.0:compile
[INFO] |        \- io.prometheus:simpleclient_tracer_otel_agent:jar:0.16.0:compile
[INFO] +- org.springframework.boot:spring-boot-starter-security:jar:2.7.4:compile
[INFO] |  +- org.springframework:spring-aop:jar:5.3.24:compile
[INFO] |  +- org.springframework.security:spring-security-config:jar:5.7.3:compile
[INFO] |  \- org.springframework.security:spring-security-web:jar:5.7.3:compile
[INFO] +- org.springframework.security:spring-security-ldap:jar:5.7.5:compile
[INFO] |  +- org.springframework.security:spring-security-core:jar:5.7.5:compile
[INFO] |  |  \- org.springframework.security:spring-security-crypto:jar:5.7.5:compile
[INFO] |  +- org.springframework:spring-context:jar:5.3.24:compile
[INFO] |  +- org.springframework:spring-tx:jar:5.3.24:compile
[INFO] |  \- org.springframework.ldap:spring-ldap-core:jar:2.4.1:compile
[INFO] +- org.springframework.boot:spring-boot-starter-activemq:jar:2.7.4:compile
[INFO] |  \- jakarta.management.j2ee:jakarta.management.j2ee-api:jar:1.1.4:compile
[INFO] +- org.apache.activemq:activemq-kahadb-store:jar:5.16.2:compile
[INFO] |  +- org.apache.activemq.protobuf:activemq-protobuf:jar:1.1:compile
[INFO] |  +- org.apache.geronimo.specs:geronimo-j2ee-management_1.1_spec:jar:1.0.1:compile
[INFO] |  \- commons-net:commons-net:jar:3.5:compile
[INFO] +- org.springframework:spring-jms:jar:5.3.24:compile
[INFO] +- com.graphql-java:graphql-java:jar:19.3:compile
[INFO] |  +- com.graphql-java:java-dataloader:jar:3.2.0:compile
[INFO] |  +- org.reactivestreams:reactive-streams:jar:1.0.3:compile
[INFO] |  \- org.slf4j:slf4j-api:jar:1.7.32:compile
[INFO] +- com.graphql-java-kickstart:graphql-java-tools:jar:13.0.2:compile
[INFO] |  +- org.jetbrains.kotlin:kotlin-stdlib:jar:1.7.20:compile
[INFO] |  |  +- org.jetbrains.kotlin:kotlin-stdlib-common:jar:1.7.20:compile
[INFO] |  |  \- org.jetbrains:annotations:jar:13.0:compile
[INFO] |  +- org.jetbrains.kotlin:kotlin-reflect:jar:1.7.20:compile
[INFO] |  +- org.jetbrains.kotlinx:kotlinx-coroutines-jdk8:jar:1.6.4:compile
[INFO] |  |  +- org.jetbrains.kotlinx:kotlinx-coroutines-core-jvm:jar:1.6.4:compile
[INFO] |  |  \- org.jetbrains.kotlin:kotlin-stdlib-jdk8:jar:1.6.21:compile
[INFO] |  |     \- org.jetbrains.kotlin:kotlin-stdlib-jdk7:jar:1.6.21:compile
[INFO] |  +- org.jetbrains.kotlinx:kotlinx-coroutines-core:jar:1.6.4:compile
[INFO] |  +- org.jetbrains.kotlinx:kotlinx-coroutines-reactive:jar:1.6.4:compile
[INFO] |  +- org.antlr:antlr4-runtime:jar:4.9.3:compile
[INFO] |  +- com.fasterxml:classmate:jar:1.5.1:compile
[INFO] |  +- com.fasterxml.jackson.core:jackson-core:jar:2.14.1:compile
[INFO] |  +- com.fasterxml.jackson.module:jackson-module-kotlin:jar:2.14.1:compile
[INFO] |  +- com.fasterxml.jackson.datatype:jackson-datatype-jdk8:jar:2.14.1:compile
[INFO] |  \- org.apache.commons:commons-lang3:jar:3.4:compile
[INFO] +- com.graphql-java-kickstart:graphiql-spring-boot-starter:jar:11.1.0:provided
[INFO] |  \- com.graphql-java-kickstart:graphiql-spring-boot-autoconfigure:jar:11.1.0:provided
[INFO] |     +- com.graphql-java-kickstart:graphql-kickstart-starter-utils:jar:11.1.0:provided
[INFO] |     \- org.apache.commons:commons-text:jar:1.9:compile
[INFO] +- com.graphql-java-kickstart:graphql-java-servlet:jar:15.0.0:compile
[INFO] |  +- com.graphql-java-kickstart:graphql-java-kickstart:jar:15.0.0:compile
[INFO] |  +- jakarta.servlet:jakarta.servlet-api:jar:6.0.0:compile
[INFO] |  +- jakarta.websocket:jakarta.websocket-api:jar:2.1.0:compile
[INFO] |  \- jakarta.websocket:jakarta.websocket-client-api:jar:2.1.0:compile
[INFO] +- io.leangen.graphql:spqr:jar:0.12.0:compile
[INFO] |  +- net.dongliu:gson-java8-datatype:jar:1.1.0:compile
[INFO] |  +- com.fasterxml.jackson.core:jackson-databind:jar:2.14.1:compile
[INFO] |  +- com.fasterxml.jackson.module:jackson-module-parameter-names:jar:2.14.1:compile
[INFO] |  +- com.fasterxml.jackson.datatype:jackson-datatype-jsr310:jar:2.14.1:compile
[INFO] |  +- io.leangen.geantyref:geantyref:jar:1.3.13:compile
[INFO] |  +- com.graphql-java:graphql-java-extended-scalars:jar:19.1:compile
[INFO] |  \- io.github.classgraph:classgraph:jar:4.8.151:compile
[INFO] +- io.projectreactor:reactor-core:jar:3.5.0:compile
[INFO] +- de.grundid.opendatalab:geojson-jackson:jar:1.14:compile
[INFO] |  \- com.fasterxml.jackson.core:jackson-annotations:jar:2.14.1:compile
[INFO] +- com.sun.xml.bind:jaxb-impl:jar:2.3.0:compile
[INFO] +- com.sun.xml.bind:jaxb-core:jar:2.3.0:compile
[INFO] +- ch.qos.logback:logback-classic:jar:1.2.5:compile
[INFO] +- ch.qos.logback:logback-core:jar:1.2.5:compile
[INFO] +- org.hsqldb:hsqldb:jar:2.4.1:provided
[INFO] +- com.oracle:ojdbc8:jar:12.2.0.1:provided
[INFO] +- org.postgresql:postgresql:jar:42.2.5:provided
[INFO] +- javax.servlet:javax.servlet-api:jar:4.0.1:provided
[INFO] +- org.dom4j:dom4j:jar:2.1.3:provided
[INFO] +- org.projectlombok:lombok:jar:1.18.22:compile
[INFO] +- org.nuiton.i18n:nuiton-i18n:jar:4.0:compile
[INFO] |  +- org.nuiton:nuiton-converter:jar:1.0:compile
[INFO] |  +- commons-logging:commons-logging:jar:1.2:compile
[INFO] |  +- commons-beanutils:commons-beanutils:jar:1.9.4:compile
[INFO] |  |  \- commons-collections:commons-collections:jar:3.2.2:compile
[INFO] |  +- org.apache.commons:commons-collections4:jar:4.2:compile
[INFO] |  \- commons-io:commons-io:jar:2.6:compile
[INFO] +- net.sumaris:sumaris-test-shared:jar:1.32.1-SNAPSHOT:test
[INFO] |  +- javax.xml.bind:jaxb-api:jar:2.3.1:compile
[INFO] |  +- org.reflections:reflections:jar:0.9.12:compile
[INFO] |  +- org.dbunit:dbunit:jar:2.7.2:test
[INFO] |  +- org.jmock:jmock:jar:2.12.0:test
[INFO] |  |  +- org.jmock:jmock-testjar:jar:2.12.0:test
[INFO] |  |  |  \- com.google.code.findbugs:annotations:jar:3.0.1:test
[INFO] |  |  |     \- net.jcip:jcip-annotations:jar:1.0:test
[INFO] |  |  +- org.hamcrest:hamcrest-library:jar:2.1:test
[INFO] |  |  +- org.ow2.asm:asm:jar:7.1:compile
[INFO] |  |  \- org.apache-extras.beanshell:bsh:jar:2.0b6:test
[INFO] |  +- org.jmock:jmock-junit4:jar:2.12.0:test
[INFO] |  |  +- org.jmock:jmock-legacy:jar:2.12.0:test
[INFO] |  |  |  \- cglib:cglib:jar:3.3.0:runtime
[INFO] |  |  \- org.jmock:jmock-imposters:jar:2.12.0:test
[INFO] |  +- org.springframework:spring-test:jar:5.3.24:test
[INFO] |  \- org.springframework.boot:spring-boot-test:jar:2.7.4:test
[INFO] +- junit:junit:jar:4.13.1:test
[INFO] |  \- org.hamcrest:hamcrest-core:jar:1.3:test
[INFO] +- org.springframework.boot:spring-boot-starter-test:jar:2.7.4:test
[INFO] |  +- org.springframework.boot:spring-boot-test-autoconfigure:jar:2.7.4:test
[INFO] |  +- com.jayway.jsonpath:json-path:jar:2.7.0:test
[INFO] |  |  \- net.minidev:json-smart:jar:2.4.7:test
[INFO] |  |     \- net.minidev:accessors-smart:jar:2.4.7:test
[INFO] |  +- jakarta.xml.bind:jakarta.xml.bind-api:jar:2.3.3:test
[INFO] |  |  \- jakarta.activation:jakarta.activation-api:jar:1.2.2:test
[INFO] |  +- org.assertj:assertj-core:jar:3.22.0:test
[INFO] |  +- org.hamcrest:hamcrest:jar:2.2:test
[INFO] |  +- org.mockito:mockito-core:jar:4.5.1:test
[INFO] |  |  +- net.bytebuddy:byte-buddy-agent:jar:1.12.9:test
[INFO] |  |  \- org.objenesis:objenesis:jar:3.2:test
[INFO] |  +- org.skyscreamer:jsonassert:jar:1.5.1:test
[INFO] |  |  \- com.vaadin.external.google:android-json:jar:0.0.20131108.vaadin1:test
[INFO] |  \- org.xmlunit:xmlunit-core:jar:2.9.0:test
[INFO] +- com.graphql-java-kickstart:graphql-spring-boot-test:jar:15.0.0:test
[INFO] |  \- org.awaitility:awaitility:jar:4.2.0:test
[INFO] \- com.unboundid:unboundid-ldapsdk:jar:4.0.14:test
[INFO] ------------------------------------------------------------------------
[INFO] Reactor Summary for SUMARiS 1.32.1-SNAPSHOT:
[INFO] 
[INFO] SUMARiS ............................................ SUCCESS [  0.462 s]
[INFO] SUMARiS:: Core shared .............................. SUCCESS [  0.339 s]
[INFO] SUMARiS:: Test shared .............................. SUCCESS [  0.136 s]
[INFO] SUMARiS:: Core ..................................... SUCCESS [  0.206 s]
[INFO] SUMARiS:: Importation .............................. SUCCESS [  0.169 s]
[INFO] SUMARiS:: Extraction ............................... SUCCESS [  0.148 s]
[INFO] SUMARiS:: RDF features ............................. SUCCESS [  0.579 s]
[INFO] SUMARiS:: Server ................................... SUCCESS [  0.668 s]
[INFO] ------------------------------------------------------------------------
[INFO] BUILD SUCCESS
[INFO] ------------------------------------------------------------------------
[INFO] Total time:  5.033 s
[INFO] Finished at: 2022-12-13T13:58:56+01:00
[INFO] ------------------------------------------------------------------------
